commit b7e2f274a148402587c9b0cb7c49d8a7f2796c0f
Author: elektrabot <elektrabot@libelektra.org>
Date:   Sun Jul 10 18:11:00 2022 +0000

    release: update debian/changelog

diff --git a/scripts/packaging/debian/changelog b/scripts/packaging/debian/changelog
index 4a0119101..006e385e9 100644
--- a/scripts/packaging/debian/changelog
+++ b/scripts/packaging/debian/changelog
@@ -1,3 +1,9 @@
+elektra (0.9.10-7) unstable; urgency=medium
+
+  * New upstream version.
+
+ -- Jenkins (User for Elektra automated build system) <jenkins@localhost>  Sun, 10 Jul 2022 18:11:00 +0000
+
 elektra (0.9.9-6) unstable; urgency=medium
 
   * New upstream version.

commit 299c304fc45023f8463400aa489a9bdbea2a8ff9
Author: elektrabot <elektrabot@libelektra.org>
Date:   Sun Jul 10 18:10:59 2022 +0000

    release: update fedora/changelog

diff --git a/scripts/packaging/fedora/changelog b/scripts/packaging/fedora/changelog
index 11b1cb73e..d3d4ebe0a 100644
--- a/scripts/packaging/fedora/changelog
+++ b/scripts/packaging/fedora/changelog
@@ -1,3 +1,6 @@
+* Sun Jul 10 2022 elektrabot <elektrabot@libelektra.org> - 0.9.10-7
+- New upstream version
+
 * Thu Mar 10 2022 elektrabot <elektrabot@libelektra.org> - 0.9.9-6
 - New upstream version
 

commit 7c36a2d860705460a6de82e83a392aad7fe7954c
Author: elektrabot <elektrabot@libelektra.org>
Date:   Sun Jul 10 18:10:03 2022 +0000

    release: regenerate plugins overview picture

diff --git a/doc/images/plugins.pdf b/doc/images/plugins.pdf
index 5d9fad638..6613acdcf 100644
Binary files a/doc/images/plugins.pdf and b/doc/images/plugins.pdf differ

commit 038d4fd377cbedd1ef7de11dc8ebeeb3e1ebef7d
Author: Mihael Pranjić <mpranj@limun.org>
Date:   Sun Jul 10 19:58:00 2022 +0200

    release: get last release properly

diff --git a/scripts/release/populate-release-notes.sh b/scripts/release/populate-release-notes.sh
index 6735992e0..df36e67f5 100755
--- a/scripts/release/populate-release-notes.sh
+++ b/scripts/release/populate-release-notes.sh
@@ -19,7 +19,7 @@ RELEASE_NOTE_FILENAME="$CURRENT_DATE"_"$KDB_VERSION".md
 RELEASE_NOTE_PATH="$NEWS_DIR/$RELEASE_NOTE_FILENAME"
 
 # get previous release version from git tags
-PREVIOUS_RELEASE=$(git tag -l '[0-9].[0-9].[0-9]' | tail -n2 | head -n1)
+PREVIOUS_RELEASE=$(git tag -l '[0-9].[0-9].[0-9]' | tail -n1 | head -n1)
 PREVIOUS_RELEASE_MAJOR_MINOR_VERSION=$(echo $PREVIOUS_RELEASE | grep -Po '^\d+.\d+')
 
 generate_git_release_stats_minimal() {

commit 302fb802691c598c86fe430bfde5d64e049d3cae
Author: Mihael Pranjić <mpranj@limun.org>
Date:   Sat Jul 9 22:12:37 2022 +0200

    elektra: bump to 0.9.10

diff --git a/CMakeLists.txt b/CMakeLists.txt
index f94a996b9..34915dcb2 100644
--- a/CMakeLists.txt
+++ b/CMakeLists.txt
@@ -5,7 +5,7 @@ set (CMAKE_USER_MAKE_RULES_OVERRIDE "${CMAKE_SOURCE_DIR}/scripts/cmake/Platform.
 
 set (KDB_VERSION_MAJOR 0)
 set (KDB_VERSION_MINOR 9)
-set (KDB_VERSION_PATCH 9)
+set (KDB_VERSION_PATCH 10)
 set (KDB_VERSION "${KDB_VERSION_MAJOR}.${KDB_VERSION_MINOR}.${KDB_VERSION_PATCH}")
 
 set (ELEKTRA_DESCRIPTION
diff --git a/doc/tutorials/hello-elektra.md b/doc/tutorials/hello-elektra.md
index 5d8ece298..9ffbc50e2 100644
--- a/doc/tutorials/hello-elektra.md
+++ b/doc/tutorials/hello-elektra.md
@@ -50,7 +50,7 @@ This basic tutorial shows you how to compile and run a very basic Elektra applic
    -- Detecting CXX compiler ABI info - done
    -- Detecting CXX compile features
    -- Detecting CXX compile features - done
-   -- Elektra 0.9.9 found
+   -- Elektra 0.9.10 found
    -- Configuring done
    -- Generating done
    -- Build files have been written to: Hello/build
diff --git a/src/bindings/jna/README.md b/src/bindings/jna/README.md
index c1b0f58a3..e95a0ded1 100644
--- a/src/bindings/jna/README.md
+++ b/src/bindings/jna/README.md
@@ -77,7 +77,7 @@ Simply add libelektra as dependency using:
     <dependency>
       <groupId>org.libelektra</groupId>
       <artifactId>libelektra</artifactId>
-      <version>0.9.9</version>
+      <version>0.9.10</version>
     </dependency>
 ```
 
@@ -94,7 +94,7 @@ repositories {
 }
 
 dependencies {
-    implementation "org.libelektra:libelektra:0.9.9"
+    implementation "org.libelektra:libelektra:0.9.10"
 }
 ```
 
