commit 112814cf08704de588307779c77fe9004ba7d5e7
Author: elektrabot <elektrabot@libelektra.org>
Date:   Fri Jul 9 21:14:27 2021 +0000

    release: update debian/changelog

diff --git a/scripts/packaging/debian/changelog b/scripts/packaging/debian/changelog
index f4b2db969..ee26c4699 100644
--- a/scripts/packaging/debian/changelog
+++ b/scripts/packaging/debian/changelog
@@ -1,3 +1,9 @@
+elektra (0.9.7-1) unstable; urgency=medium
+
+  * New upstream version.
+
+ -- Jenkins (User for Elektra automated build system) <jenkins@a86a2c240533>  Fri, 09 Jul 2021 21:14:27 +0000
+
 elektra (0.9.6-4) unstable; urgency=medium
 
   * New upstream version.

commit 1e24ace3f6d78c86d39754d4556aad7aeddf2836
Author: elektrabot <elektrabot@libelektra.org>
Date:   Fri Jul 9 21:14:27 2021 +0000

    release: update fedora/changelog

diff --git a/scripts/packaging/fedora/changelog b/scripts/packaging/fedora/changelog
index 66db09e41..b794fff54 100644
--- a/scripts/packaging/fedora/changelog
+++ b/scripts/packaging/fedora/changelog
@@ -1,3 +1,6 @@
+* Fri Jul 09 2021 elektrabot <elektrabot@libelektra.org> - 0.9.7-1
+- New upstream version
+
 * Mon Jun 07 2021 elektrabot <elektrabot@libelektra.org> - 0.9.6-4
 - New upstream version
 

commit 739013fec81e9380612dd2f15dc01f6c3c3b642b
Author: elektrabot <elektrabot@libelektra.org>
Date:   Fri Jul 9 21:13:43 2021 +0000

    release: regenerate plugins overview picture

diff --git a/doc/images/plugins.dot b/doc/images/plugins.dot
index 23c3f41d8..74a4d1905 100644
--- a/doc/images/plugins.dot
+++ b/doc/images/plugins.dot
@@ -4,6 +4,8 @@ strict digraph G {
 	augeas -> storage;
 	binary [shape=Mdiamond];
 	base64 -> binary;
+	check [shape=Mdiamond];
+	blacklist -> check;
 	resolver [shape=Mdiamond];
 	blockresolver -> resolver;
 	storage [shape=Mdiamond];
@@ -50,6 +52,8 @@ strict digraph G {
 	dump -> storage;
 	dump [shape=Mdiamond];
 	dump -> dump;
+	check [shape=Mdiamond];
+	email -> check;
 	error [shape=Mdiamond];
 	error -> error;
 	sync [shape=Mdiamond];
@@ -99,6 +103,8 @@ strict digraph G {
 	kconfig -> kconfig;
 	conv [shape=Mdiamond];
 	keytometa -> conv;
+	check [shape=Mdiamond];
+	length -> check;
 	storage [shape=Mdiamond];
 	line -> storage;
 	line [shape=Mdiamond];
diff --git a/doc/images/plugins.dot.flatten b/doc/images/plugins.dot.flatten
index 1c6c62bd2..52ff26b8a 100644
--- a/doc/images/plugins.dot.flatten
+++ b/doc/images/plugins.dot.flatten
@@ -4,6 +4,8 @@ strict digraph G {
 	augeas -> storage;
 	binary	 [shape=Mdiamond];
 	base64 -> binary;
+	check	 [shape=Mdiamond];
+	blacklist -> check;
 	resolver	 [shape=Mdiamond];
 	resolver -> resolver;
 	blockresolver -> resolver;
@@ -41,6 +43,7 @@ strict digraph G {
 	dump	 [shape=Mdiamond];
 	dump -> storage;
 	dump -> dump;
+	email -> check;
 	error	 [shape=Mdiamond];
 	error -> error;
 	sync	 [shape=Mdiamond];
@@ -63,9 +66,8 @@ strict digraph G {
 	gpgme -> crypto;
 	hexcode -> code;
 	conv	 [shape=Mdiamond];
-	hexnumber -> conv;
-	check	 [shape=Mdiamond];
 	hexnumber -> check;
+	hexnumber -> conv;
 	hosts	 [shape=Mdiamond];
 	hosts -> storage;
 	hosts -> hosts;
@@ -80,6 +82,7 @@ strict digraph G {
 	kconfig -> storage;
 	kconfig -> kconfig;
 	keytometa -> conv;
+	length -> check;
 	line	 [shape=Mdiamond];
 	line -> storage;
 	line -> line;
@@ -122,8 +125,8 @@ strict digraph G {
 	shell	 [shape=Mdiamond];
 	simpleini -> storage;
 	simpleini -> properties;
-	spec -> apply;
 	spec -> check;
+	spec -> apply;
 	specload	 [shape=Mdiamond];
 	specload -> storage;
 	specload -> specload;
diff --git a/doc/images/plugins.pdf b/doc/images/plugins.pdf
index 7f9abfede..ded1192b2 100644
Binary files a/doc/images/plugins.pdf and b/doc/images/plugins.pdf differ
diff --git a/doc/images/plugins.png b/doc/images/plugins.png
index 4e2d80a2f..a95f14961 100644
Binary files a/doc/images/plugins.png and b/doc/images/plugins.png differ
diff --git a/doc/images/plugins.ps b/doc/images/plugins.ps
index 13e6f98e4..b931cf088 100644
--- a/doc/images/plugins.ps
+++ b/doc/images/plugins.ps
@@ -178,11 +178,11 @@ def
 %%EndSetup
 setupLatin1
 %%Page: 1 1
-%%PageBoundingBox: 36 36 1713 1262
+%%PageBoundingBox: 36 36 1713 1550
 %%PageOrientation: Portrait
 0 0 1 beginpage
 gsave
-36 36 1677 1226 boxprim clip newpath
+36 36 1677 1514 boxprim clip newpath
 1 1 set_scale 0 rotate 40 40 translate
 % storage
 gsave
@@ -250,62 +250,124 @@ grestore
 gsave
 1 setlinewidth
 0 0 0 nodecolor
-newpath 916.5099 920.5598 moveto
-869.7556 902.5598 lineto
-916.5099 884.5598 lineto
-963.2643 902.5598 lineto
+newpath 1235.5099 311.5598 moveto
+1188.7556 293.5598 lineto
+1235.5099 275.5598 lineto
+1282.2643 293.5598 lineto
 closepath stroke
 1 setlinewidth
 0 0 0 nodecolor
-newpath 880.9543 906.8712 moveto
-880.9543 898.2484 lineto
+newpath 1199.9543 297.8712 moveto
+1199.9543 289.2484 lineto
 stroke
 1 setlinewidth
 0 0 0 nodecolor
-newpath 905.3112 888.8712 moveto
-927.7087 888.8712 lineto
+newpath 1224.3112 279.8712 moveto
+1246.7087 279.8712 lineto
 stroke
 1 setlinewidth
 0 0 0 nodecolor
-newpath 952.0656 898.2484 moveto
-952.0656 906.8712 lineto
+newpath 1271.0656 289.2484 moveto
+1271.0656 297.8712 lineto
 stroke
 1 setlinewidth
 0 0 0 nodecolor
-newpath 927.7087 916.2484 moveto
-905.3112 916.2484 lineto
+newpath 1246.7087 307.2484 moveto
+1224.3112 307.2484 lineto
 stroke
 0 0 0 nodecolor
 14 /Times-Roman set_font
-899.0099 898.8598 moveto 35 (binary) alignedtext
+1218.0099 289.8598 moveto 35 (binary) alignedtext
 grestore
 % base64
 gsave
 1 setlinewidth
 0 0 0 nodecolor
-1011.7586 888.3291 35.194 18 ellipse_path stroke
+1330.7586 279.3291 35.194 18 ellipse_path stroke
 0 0 0 nodecolor
 14 /Times-Roman set_font
-992.7586 884.6291 moveto 38 (base64) alignedtext
+1311.7586 275.6291 moveto 38 (base64) alignedtext
 grestore
 % base64->binary
 gsave
 1 setlinewidth
 0 0 0 edgecolor
-newpath 977.9093 893.3864 moveto
-972.1545 894.2462 966.106 895.1499 960.1417 896.041 curveto
+newpath 1296.9093 284.3864 moveto
+1291.1545 285.2462 1285.106 286.1499 1279.1417 287.041 curveto
 stroke
 0 0 0 edgecolor
-newpath 959.6233 892.5795 moveto
-950.2502 897.5188 lineto
-960.6577 899.5026 lineto
+newpath 1278.6233 283.5795 moveto
+1269.2502 288.5188 lineto
+1279.6577 290.5026 lineto
 closepath fill
 1 setlinewidth
 solid
 0 0 0 edgecolor
-newpath 959.6233 892.5795 moveto
-950.2502 897.5188 lineto
-960.6577 899.5026 lineto
+newpath 1278.6233 283.5795 moveto
+1269.2502 288.5188 lineto
+1279.6577 290.5026 lineto
+closepath stroke
+grestore
+% check
+gsave
+1 setlinewidth
+0 0 0 nodecolor
+newpath 1018.5675 1130.5118 moveto
+974.3281 1112.5118 lineto
+1018.5675 1094.5118 lineto
+1062.8069 1112.5118 lineto
+closepath stroke
+1 setlinewidth
+0 0 0 nodecolor
+newpath 985.4433 1117.0343 moveto
+985.4433 1107.9893 lineto
+stroke
+1 setlinewidth
+0 0 0 nodecolor
+newpath 1007.4524 1099.0343 moveto
+1029.6827 1099.0343 lineto
+stroke
+1 setlinewidth
+0 0 0 nodecolor
+newpath 1051.6918 1107.9893 moveto
+1051.6918 1117.0343 lineto
+stroke
+1 setlinewidth
+0 0 0 nodecolor
+newpath 1029.6827 1125.9893 moveto
+1007.4524 1125.9893 lineto
+stroke
+0 0 0 nodecolor
+14 /Times-Roman set_font
+1002.5675 1108.8118 moveto 32 (check) alignedtext
+grestore
+% blacklist
+gsave
+1 setlinewidth
+0 0 0 nodecolor
+1077.0201 1166.5561 40.0939 18 ellipse_path stroke
+0 0 0 nodecolor
+14 /Times-Roman set_font
+1054.0201 1162.8561 moveto 46 (blacklist) alignedtext
+grestore
+% blacklist->check
+gsave
+1 setlinewidth
+0 0 0 edgecolor
+newpath 1059.4824 1150.341 moveto
+1053.3348 1144.657 1046.361 1138.2092 1039.9349 1132.2677 curveto
+stroke
+0 0 0 edgecolor
+newpath 1041.91 1129.3271 moveto
+1032.1914 1125.1082 lineto
+1037.1578 1134.4669 lineto
+closepath fill
+1 setlinewidth
+solid
+0 0 0 edgecolor
+newpath 1041.91 1129.3271 moveto
+1032.1914 1125.1082 lineto
+1037.1578 1134.4669 lineto
 closepath stroke
 grestore
 % resolver
@@ -469,95 +531,95 @@ grestore
 gsave
 1 setlinewidth
 0 0 0 nodecolor
-newpath 1000.2381 731.6409 moveto
-956.8364 713.6409 lineto
-1000.2381 695.6409 lineto
-1043.6398 713.6409 lineto
+newpath 884.2381 934.6409 moveto
+840.8364 916.6409 lineto
+884.2381 898.6409 lineto
+927.6398 916.6409 lineto
 closepath stroke
 1 setlinewidth
 0 0 0 nodecolor
-newpath 967.9209 718.238 moveto
-967.9209 709.0438 lineto
+newpath 851.9209 921.238 moveto
+851.9209 912.0438 lineto
 stroke
 1 setlinewidth
 0 0 0 nodecolor
-newpath 989.1536 700.238 moveto
-1011.3226 700.238 lineto
+newpath 873.1536 903.238 moveto
+895.3226 903.238 lineto
 stroke
 1 setlinewidth
 0 0 0 nodecolor
-newpath 1032.5553 709.0438 moveto
-1032.5553 718.238 lineto
+newpath 916.5553 912.0438 moveto
+916.5553 921.238 lineto
 stroke
 1 setlinewidth
 0 0 0 nodecolor
-newpath 1011.3226 727.0438 moveto
-989.1536 727.0438 lineto
+newpath 895.3226 930.0438 moveto
+873.1536 930.0438 lineto
 stroke
 0 0 0 nodecolor
 14 /Times-Roman set_font
-984.7381 709.9409 moveto 31 (cache) alignedtext
+868.7381 912.9409 moveto 31 (cache) alignedtext
 grestore
 % code
 gsave
 1 setlinewidth
 0 0 0 nodecolor
-newpath 1024.1959 545.8053 moveto
-985.4864 527.8053 lineto
-1024.1959 509.8053 lineto
-1062.9054 527.8053 lineto
+newpath 1169.1959 835.8053 moveto
+1130.4864 817.8053 lineto
+1169.1959 799.8053 lineto
+1207.9054 817.8053 lineto
 closepath stroke
 1 setlinewidth
 0 0 0 nodecolor
-newpath 996.3676 532.865 moveto
-996.3676 522.7455 lineto
+newpath 1141.3676 822.865 moveto
+1141.3676 812.7455 lineto
 stroke
 1 setlinewidth
 0 0 0 nodecolor
-newpath 1013.3148 514.865 moveto
-1035.0771 514.865 lineto
+newpath 1158.3148 804.865 moveto
+1180.0771 804.865 lineto
 stroke
 1 setlinewidth
 0 0 0 nodecolor
-newpath 1052.0243 522.7455 moveto
-1052.0243 532.865 lineto
+newpath 1197.0243 812.7455 moveto
+1197.0243 822.865 lineto
 stroke
 1 setlinewidth
 0 0 0 nodecolor
-newpath 1035.0771 540.7455 moveto
-1013.3148 540.7455 lineto
+newpath 1180.0771 830.7455 moveto
+1158.3148 830.7455 lineto
 stroke
 0 0 0 nodecolor
 14 /Times-Roman set_font
-1011.1959 524.1053 moveto 26 (code) alignedtext
+1156.1959 814.1053 moveto 26 (code) alignedtext
 grestore
 % ccode
 gsave
 1 setlinewidth
 0 0 0 nodecolor
-1108.3678 571.3526 31.3957 18 ellipse_path stroke
+1253.3678 861.3526 31.3957 18 ellipse_path stroke
 0 0 0 nodecolor
 14 /Times-Roman set_font
-1092.3678 567.6526 moveto 32 (ccode) alignedtext
+1237.3678 857.6526 moveto 32 (ccode) alignedtext
 grestore
 % ccode->code
 gsave
 1 setlinewidth
 0 0 0 edgecolor
-newpath 1084.9212 559.2222 moveto
-1074.6125 553.8889 1062.434 547.5882 1051.6996 542.0346 curveto
+newpath 1229.9212 849.2222 moveto
+1219.6125 843.8889 1207.434 837.5882 1196.6996 832.0346 curveto
 stroke
 0 0 0 edgecolor
-newpath 1053.2115 538.8762 moveto
-1042.7215 537.3897 lineto
-1049.995 545.0934 lineto
+newpath 1198.2115 828.8762 moveto
+1187.7215 827.3897 lineto
+1194.995 835.0934 lineto
 closepath fill
 1 setlinewidth
 solid
 0 0 0 edgecolor
-newpath 1053.2115 538.8762 moveto
-1042.7215 537.3897 lineto
-1049.995 545.0934 lineto
+newpath 1198.2115 828.8762 moveto
+1187.7215 827.3897 lineto
+1194.995 835.0934 lineto
 closepath stroke
 grestore
 % conditionals
@@ -679,62 +741,62 @@ grestore
 gsave
 1 setlinewidth
 0 0 0 nodecolor
-newpath 1365.6706 316.2717 moveto
-1315.9012 298.2717 lineto
-1365.6706 280.2717 lineto
-1415.4399 298.2717 lineto
+newpath 1162.6706 461.2717 moveto
+1112.9012 443.2717 lineto
+1162.6706 425.2717 lineto
+1212.4399 443.2717 lineto
 closepath stroke
 1 setlinewidth
 0 0 0 nodecolor
-newpath 1327.1858 302.353 moveto
-1327.1858 294.1904 lineto
+newpath 1124.1858 447.353 moveto
+1124.1858 439.1904 lineto
 stroke
 1 setlinewidth
 0 0 0 nodecolor
-newpath 1354.3859 284.353 moveto
-1376.9552 284.353 lineto
+newpath 1151.3859 429.353 moveto
+1173.9552 429.353 lineto
 stroke
 1 setlinewidth
 0 0 0 nodecolor
-newpath 1404.1553 294.1904 moveto
-1404.1553 302.353 lineto
+newpath 1201.1553 439.1904 moveto
+1201.1553 447.353 lineto
 stroke
 1 setlinewidth
 0 0 0 nodecolor
-newpath 1376.9552 312.1904 moveto
-1354.3859 312.1904 lineto
+newpath 1173.9552 457.1904 moveto
+1151.3859 457.1904 lineto
 stroke
 0 0 0 nodecolor
 14 /Times-Roman set_font
-1346.6706 294.5717 moveto 38 (tracing) alignedtext
+1143.6706 439.5717 moveto 38 (tracing) alignedtext
 grestore
 % counter
 gsave
 1 setlinewidth
 0 0 0 nodecolor
-1483.9819 249.7583 37.0935 18 ellipse_path stroke
+1280.9819 394.7583 37.0935 18 ellipse_path stroke
 0 0 0 nodecolor
 14 /Times-Roman set_font
-1463.4819 246.0583 moveto 41 (counter) alignedtext
+1260.4819 391.0583 moveto 41 (counter) alignedtext
 grestore
 % counter->tracing
 gsave
 1 setlinewidth
 0 0 0 edgecolor
-newpath 1455.6434 261.3784 moveto
-1438.4546 268.4267 1416.4497 277.4498 1398.5043 284.8082 curveto
+newpath 1252.6434 406.3784 moveto
+1235.4546 413.4267 1213.4497 422.4498 1195.5043 429.8082 curveto
 stroke
 0 0 0 edgecolor
-newpath 1396.9331 281.6696 moveto
-1389.0086 288.7019 lineto
-1399.5889 288.1463 lineto
+newpath 1193.9331 426.6696 moveto
+1186.0086 433.7019 lineto
+1196.5889 433.1463 lineto
 closepath fill
 1 setlinewidth
 solid
 0 0 0 edgecolor
-newpath 1396.9331 281.6696 moveto
-1389.0086 288.7019 lineto
-1399.5889 288.1463 lineto
+newpath 1193.9331 426.6696 moveto
+1186.0086 433.7019 lineto
+1196.5889 433.1463 lineto
 closepath stroke
 grestore
 % cpptemplate
@@ -750,21 +812,21 @@ grestore
 gsave
 1 setlinewidth
 0 0 0 edgecolor
-newpath 766.4316 393.6393 moveto
-756.1688 412.1004 739.966 441.8595 727.1664 468.1879 curveto
-701.1772 521.647 673.8608 585.7848 659.4117 620.4387 curveto
+newpath 766.4272 393.6059 moveto
+756.161 412.0332 739.956 441.7397 727.1686 468.0305 curveto
+701.1499 521.5247 673.8436 585.724 659.4037 620.4127 curveto
 stroke
 0 0 0 edgecolor
-newpath 656.1268 619.2229 moveto
-655.5225 629.8005 lineto
-662.5912 621.9084 lineto
+newpath 656.1151 619.2061 moveto
+655.5172 629.784 lineto
+662.5811 621.8877 lineto
 closepath fill
 1 setlinewidth
 solid
 0 0 0 edgecolor
-newpath 656.1268 619.2229 moveto
-655.5225 629.8005 lineto
-662.5912 621.9084 lineto
+newpath 656.1151 619.2061 moveto
+655.5172 629.784 lineto
+662.5811 621.8877 lineto
 closepath stroke
 grestore
 % cpptemplate->info
@@ -791,54 +853,54 @@ grestore
 gsave
 1 setlinewidth
 0 0 0 nodecolor
-newpath 1236.211 1140.9486 moveto
-1189.4566 1122.9486 lineto
-1236.211 1104.9486 lineto
-1282.9653 1122.9486 lineto
+newpath 1294.211 792.9486 moveto
+1247.4566 774.9486 lineto
+1294.211 756.9486 lineto
+1340.9653 774.9486 lineto
 closepath stroke
 1 setlinewidth
 0 0 0 nodecolor
-newpath 1200.6554 1127.26 moveto
-1200.6554 1118.6372 lineto
+newpath 1258.6554 779.26 moveto
+1258.6554 770.6372 lineto
 stroke
 1 setlinewidth
 0 0 0 nodecolor
-newpath 1225.0122 1109.26 moveto
-1247.4097 1109.26 lineto
+newpath 1283.0122 761.26 moveto
+1305.4097 761.26 lineto
 stroke
 1 setlinewidth
 0 0 0 nodecolor
-newpath 1271.7666 1118.6372 moveto
-1271.7666 1127.26 lineto
+newpath 1329.7666 770.6372 moveto
+1329.7666 779.26 lineto
 stroke
 1 setlinewidth
 0 0 0 nodecolor
-newpath 1247.4097 1136.6372 moveto
-1225.0122 1136.6372 lineto
+newpath 1305.4097 788.6372 moveto
+1283.0122 788.6372 lineto
 stroke
 0 0 0 nodecolor
 14 /Times-Roman set_font
-1218.711 1119.2486 moveto 35 (crypto) alignedtext
+1276.711 771.2486 moveto 35 (crypto) alignedtext
 grestore
 % crypto->crypto
 gsave
 1 setlinewidth
 0 0 0 edgecolor
-newpath 1266.5784 1129.3027 moveto
-1284.4035 1130.6565 1301.088 1128.5384 1301.088 1122.9486 curveto
-1301.088 1118.4505 1290.2844 1116.2005 1276.7764 1116.1986 curveto
+newpath 1324.5784 781.3027 moveto
+1342.4035 782.6565 1359.088 780.5384 1359.088 774.9486 curveto
+1359.088 770.4505 1348.2844 768.2005 1334.7764 768.1986 curveto
 stroke
 0 0 0 edgecolor
-newpath 1276.4351 1112.7091 moveto
-1266.5784 1116.5945 lineto
-1276.7067 1119.7038 lineto
+newpath 1334.4351 764.7091 moveto
+1324.5784 768.5945 lineto
+1334.7067 771.7038 lineto
 closepath fill
 1 setlinewidth
 solid
 0 0 0 edgecolor
-newpath 1276.4351 1112.7091 moveto
-1266.5784 1116.5945 lineto
-1276.7067 1119.7038 lineto
+newpath 1334.4351 764.7091 moveto
+1324.5784 768.5945 lineto
+1334.7067 771.7038 lineto
 closepath stroke
 grestore
 % csvstorage
@@ -928,157 +990,157 @@ grestore
 gsave
 1 setlinewidth
 0 0 0 nodecolor
-newpath 890.2381 992.6409 moveto
-840.4688 974.6409 lineto
-890.2381 956.6409 lineto
-940.0075 974.6409 lineto
+newpath 1122.2381 151.6409 moveto
+1072.4688 133.6409 lineto
+1122.2381 115.6409 lineto
+1172.0075 133.6409 lineto
 closepath stroke
 1 setlinewidth
 0 0 0 nodecolor
-newpath 851.7534 978.7222 moveto
-851.7534 970.5596 lineto
+newpath 1083.7534 137.7222 moveto
+1083.7534 129.5596 lineto
 stroke
 1 setlinewidth
 0 0 0 nodecolor
-newpath 878.9535 960.7222 moveto
-901.5228 960.7222 lineto
+newpath 1110.9535 119.7222 moveto
+1133.5228 119.7222 lineto
 stroke
 1 setlinewidth
 0 0 0 nodecolor
-newpath 928.7228 970.5596 moveto
-928.7228 978.7222 lineto
+newpath 1160.7228 129.5596 moveto
+1160.7228 137.7222 lineto
 stroke
 1 setlinewidth
 0 0 0 nodecolor
-newpath 901.5228 988.5596 moveto
-878.9535 988.5596 lineto
+newpath 1133.5228 147.5596 moveto
+1110.9535 147.5596 lineto
 stroke
 0 0 0 nodecolor
 14 /Times-Roman set_font
-871.2381 970.9409 moveto 38 (curlget) alignedtext
+1103.2381 129.9409 moveto 38 (curlget) alignedtext
 grestore
 % date
 gsave
 1 setlinewidth
 0 0 0 nodecolor
-newpath 384.2381 1050.6409 moveto
-348.5432 1032.6409 lineto
-384.2381 1014.6409 lineto
-419.933 1032.6409 lineto
+newpath 1167.2381 963.6409 moveto
+1131.5432 945.6409 lineto
+1167.2381 927.6409 lineto
+1202.933 945.6409 lineto
 closepath stroke
 1 setlinewidth
 0 0 0 nodecolor
-newpath 359.2579 1038.0441 moveto
-359.2579 1027.2377 lineto
+newpath 1142.2579 951.0441 moveto
+1142.2579 940.2377 lineto
 stroke
 1 setlinewidth
 0 0 0 nodecolor
-newpath 373.5234 1020.0441 moveto
-394.9529 1020.0441 lineto
+newpath 1156.5234 933.0441 moveto
+1177.9529 933.0441 lineto
 stroke
 1 setlinewidth
 0 0 0 nodecolor
-newpath 409.2183 1027.2377 moveto
-409.2183 1038.0441 lineto
+newpath 1192.2183 940.2377 moveto
+1192.2183 951.0441 lineto
 stroke
 1 setlinewidth
 0 0 0 nodecolor
-newpath 394.9529 1045.2377 moveto
-373.5234 1045.2377 lineto
+newpath 1177.9529 958.2377 moveto
+1156.5234 958.2377 lineto
 stroke
 0 0 0 nodecolor
 14 /Times-Roman set_font
-372.7381 1028.9409 moveto 23 (date) alignedtext
+1155.7381 941.9409 moveto 23 (date) alignedtext
 grestore
 % notification
 gsave
 1 setlinewidth
 0 0 0 nodecolor
-newpath 1049.6735 1028.3899 moveto
-976.9465 1010.3899 lineto
-1049.6735 992.3899 lineto
-1122.4005 1010.3899 lineto
+newpath 1165.6735 651.3899 moveto
+1092.9465 633.3899 lineto
+1165.6735 615.3899 lineto
+1238.4005 633.3899 lineto
 closepath stroke
 1 setlinewidth
 0 0 0 nodecolor
-newpath 988.595 1013.2729 moveto
-988.595 1007.5069 lineto
+newpath 1104.595 636.2729 moveto
+1104.595 630.5069 lineto
 stroke
 1 setlinewidth
 0 0 0 nodecolor
-newpath 1038.025 995.2729 moveto
-1061.3221 995.2729 lineto
+newpath 1154.025 618.2729 moveto
+1177.3221 618.2729 lineto
 stroke
 1 setlinewidth
 0 0 0 nodecolor
-newpath 1110.752 1007.5069 moveto
-1110.752 1013.2729 lineto
+newpath 1226.752 630.5069 moveto
+1226.752 636.2729 lineto
 stroke
 1 setlinewidth
 0 0 0 nodecolor
-newpath 1061.3221 1025.5069 moveto
-1038.025 1025.5069 lineto
+newpath 1177.3221 648.5069 moveto
+1154.025 648.5069 lineto
 stroke
 0 0 0 nodecolor
 14 /Times-Roman set_font
-1018.1735 1006.6899 moveto 63 (notification) alignedtext
+1134.1735 629.6899 moveto 63 (notification) alignedtext
 grestore
 % dbus
 gsave
 1 setlinewidth
 0 0 0 nodecolor
-1181.1146 946.0944 27.0966 18 ellipse_path stroke
+1297.1146 569.0944 27.0966 18 ellipse_path stroke
 0 0 0 nodecolor
 14 /Times-Roman set_font
-1168.1146 942.3944 moveto 26 (dbus) alignedtext
+1284.1146 565.3944 moveto 26 (dbus) alignedtext
 grestore
 % dbus->notification
 gsave
 1 setlinewidth
 0 0 0 edgecolor
-newpath 1159.1143 956.856 moveto
-1138.4686 966.955 1107.288 982.2073 1083.4832 993.8516 curveto
+newpath 1275.1143 579.856 moveto
+1254.4686 589.955 1223.288 605.2073 1199.4832 616.8516 curveto
 stroke
 0 0 0 edgecolor
-newpath 1081.8801 990.7394 moveto
-1074.4352 998.2775 lineto
-1084.956 997.0274 lineto
+newpath 1197.8801 613.7394 moveto
+1190.4352 621.2775 lineto
+1200.956 620.0274 lineto
 closepath fill
 1 setlinewidth
 solid
 0 0 0 edgecolor
-newpath 1081.8801 990.7394 moveto
-1074.4352 998.2775 lineto
-1084.956 997.0274 lineto
+newpath 1197.8801 613.7394 moveto
+1190.4352 621.2775 lineto
+1200.956 620.0274 lineto
 closepath stroke
 grestore
 % dbusrecv
 gsave
 1 setlinewidth
 0 0 0 nodecolor
-1023.9246 966.0924 42.4939 18 ellipse_path stroke
+1139.9246 589.0924 42.4939 18 ellipse_path stroke
 0 0 0 nodecolor
 14 /Times-Roman set_font
-999.4246 962.3924 moveto 49 (dbusrecv) alignedtext
+1115.4246 585.3924 moveto 49 (dbusrecv) alignedtext
 grestore
 % dbusrecv->notification
 gsave
 1 setlinewidth
 0 0 0 edgecolor
-newpath 1034.1013 983.5999 moveto
-1034.4913 984.271 1034.8849 984.9481 1035.2804 985.6284 curveto
+newpath 1150.1013 606.5999 moveto
+1150.4913 607.271 1150.8849 607.9481 1151.2804 608.6284 curveto
 stroke
 0 0 0 edgecolor
-newpath 1032.3557 987.5617 moveto
-1040.4071 994.4483 lineto
-1038.4076 984.0439 lineto
+newpath 1148.3557 610.5617 moveto
+1156.4071 617.4483 lineto
+1154.4076 607.0439 lineto
 closepath fill
 1 setlinewidth
 solid
 0 0 0 edgecolor
-newpath 1032.3557 987.5617 moveto
-1040.4071 994.4483 lineto
-1038.4076 984.0439 lineto
+newpath 1148.3557 610.5617 moveto
+1156.4071 617.4483 lineto
+1154.4076 607.0439 lineto
 closepath stroke
 grestore
 % desktop
@@ -1167,34 +1229,34 @@ grestore
 gsave
 1 setlinewidth
 0 0 0 nodecolor
-newpath 352.2381 1166.6409 moveto
-319.0586 1148.6409 lineto
-352.2381 1130.6409 lineto
-385.4177 1148.6409 lineto
+newpath 381.2381 1050.6409 moveto
+348.0586 1032.6409 lineto
+381.2381 1014.6409 lineto
+414.4177 1032.6409 lineto
 closepath stroke
 1 setlinewidth
 0 0 0 nodecolor
-newpath 329.6064 1154.3631 moveto
-329.6064 1142.9187 lineto
+newpath 358.6064 1038.3631 moveto
+358.6064 1026.9187 lineto
 stroke
 1 setlinewidth
 0 0 0 nodecolor
-newpath 341.6903 1136.3631 moveto
-362.7859 1136.3631 lineto
+newpath 370.6903 1020.3631 moveto
+391.7859 1020.3631 lineto
 stroke
 1 setlinewidth
 0 0 0 nodecolor
-newpath 374.8699 1142.9187 moveto
-374.8699 1154.3631 lineto
+newpath 403.8699 1026.9187 moveto
+403.8699 1038.3631 lineto
 stroke
 1 setlinewidth
 0 0 0 nodecolor
-newpath 362.7859 1160.9187 moveto
-341.6903 1160.9187 lineto
+newpath 391.7859 1044.9187 moveto
+370.6903 1044.9187 lineto
 stroke
 0 0 0 nodecolor
 14 /Times-Roman set_font
-342.2381 1144.9409 moveto 20 (doc) alignedtext
+371.2381 1028.9409 moveto 20 (doc) alignedtext
 grestore
 % dpkg
 gsave
@@ -1344,215 +1406,244 @@ newpath 425.503 578.6234 moveto
 425.7917 585.6174 lineto
 closepath stroke
 grestore
+% email
+gsave
+1 setlinewidth
+0 0 0 nodecolor
+923.6407 1015.0841 30.5947 18 ellipse_path stroke
+0 0 0 nodecolor
+14 /Times-Roman set_font
+908.1407 1011.3841 moveto 31 (email) alignedtext
+grestore
+% email->check
+gsave
+1 setlinewidth
+0 0 0 edgecolor
+newpath 938.8923 1030.7375 moveto
+955.1261 1047.399 980.8789 1073.8303 998.6915 1092.1121 curveto
+stroke
+0 0 0 edgecolor
+newpath 996.303 1094.6761 moveto
+1005.7884 1099.396 lineto
+1001.3167 1089.7911 lineto
+closepath fill
+1 setlinewidth
+solid
+0 0 0 edgecolor
+newpath 996.303 1094.6761 moveto
+1005.7884 1099.396 lineto
+1001.3167 1089.7911 lineto
+closepath stroke
+grestore
 % error
 gsave
 1 setlinewidth
 0 0 0 nodecolor
-newpath 1025.2381 412.6409 moveto
-985.6906 394.6409 lineto
-1025.2381 376.6409 lineto
-1064.7857 394.6409 lineto
+newpath 1025.2381 441.6409 moveto
+985.6906 423.6409 lineto
+1025.2381 405.6409 lineto
+1064.7857 423.6409 lineto
 closepath stroke
 1 setlinewidth
 0 0 0 nodecolor
-newpath 996.6125 399.612 moveto
-996.6125 389.6698 lineto
+newpath 996.6125 428.612 moveto
+996.6125 418.6698 lineto
 stroke
 1 setlinewidth
 0 0 0 nodecolor
-newpath 1014.3162 381.612 moveto
-1036.16 381.612 lineto
+newpath 1014.3162 410.612 moveto
+1036.16 410.612 lineto
 stroke
 1 setlinewidth
 0 0 0 nodecolor
-newpath 1053.8637 389.6698 moveto
-1053.8637 399.612 lineto
+newpath 1053.8637 418.6698 moveto
+1053.8637 428.612 lineto
 stroke
 1 setlinewidth
 0 0 0 nodecolor
-newpath 1036.16 407.6698 moveto
-1014.3162 407.6698 lineto
+newpath 1036.16 436.6698 moveto
+1014.3162 436.6698 lineto
 stroke
 0 0 0 nodecolor
 14 /Times-Roman set_font
-1011.7381 390.9409 moveto 27 (error) alignedtext
+1011.7381 419.9409 moveto 27 (error) alignedtext
 grestore
 % error->error
 gsave
 1 setlinewidth
 0 0 0 edgecolor
-newpath 1051.2681 400.9146 moveto
-1067.4049 402.4274 1082.7619 400.3362 1082.7619 394.6409 curveto
-1082.7619 390.1914 1073.3887 387.9417 1061.5933 387.8917 curveto
+newpath 1051.2681 429.9146 moveto
+1067.4049 431.4274 1082.7619 429.3362 1082.7619 423.6409 curveto
+1082.7619 419.1914 1073.3887 416.9417 1061.5933 416.8917 curveto
 stroke
 0 0 0 edgecolor
-newpath 1061.0965 384.4108 moveto
-1051.2681 388.3671 lineto
-1061.4185 391.4034 lineto
+newpath 1061.0965 413.4108 moveto
+1051.2681 417.3671 lineto
+1061.4185 420.4034 lineto
 closepath fill
 1 setlinewidth
 solid
 0 0 0 edgecolor
-newpath 1061.0965 384.4108 moveto
-1051.2681 388.3671 lineto
-1061.4185 391.4034 lineto
+newpath 1061.0965 413.4108 moveto
+1051.2681 417.3671 lineto
+1061.4185 420.4034 lineto
 closepath stroke
 grestore
 % sync
 gsave
 1 setlinewidth
 0 0 0 nodecolor
-newpath 1250.6997 1051.3022 moveto
-1212.8279 1033.3022 lineto
-1250.6997 1015.3022 lineto
-1288.5715 1033.3022 lineto
+newpath 1308.6997 703.3022 moveto
+1270.8279 685.3022 lineto
+1308.6997 667.3022 lineto
+1346.5715 685.3022 lineto
 closepath stroke
 1 setlinewidth
 0 0 0 nodecolor
-newpath 1223.666 1038.4534 moveto
-1223.666 1028.1509 lineto
+newpath 1281.666 690.4534 moveto
+1281.666 680.1509 lineto
 stroke
 1 setlinewidth
 0 0 0 nodecolor
-newpath 1239.8615 1020.4534 moveto
-1261.5378 1020.4534 lineto
+newpath 1297.8615 672.4534 moveto
+1319.5378 672.4534 lineto
 stroke
 1 setlinewidth
 0 0 0 nodecolor
-newpath 1277.7334 1028.1509 moveto
-1277.7334 1038.4534 lineto
+newpath 1335.7334 680.1509 moveto
+1335.7334 690.4534 lineto
 stroke
 1 setlinewidth
 0 0 0 nodecolor
-newpath 1261.5378 1046.1509 moveto
-1239.8615 1046.1509 lineto
+newpath 1319.5378 698.1509 moveto
+1297.8615 698.1509 lineto
 stroke
 0 0 0 nodecolor
 14 /Times-Roman set_font
-1238.1997 1029.6022 moveto 25 (sync) alignedtext
+1296.1997 681.6022 moveto 25 (sync) alignedtext
 grestore
 % sync->sync
 gsave
 1 setlinewidth
 0 0 0 edgecolor
-newpath 1275.6084 1039.5475 moveto
-1291.3348 1041.1144 1306.3851 1039.0326 1306.3851 1033.3022 curveto
-1306.3851 1028.8252 1297.1991 1026.5753 1285.6813 1026.5523 curveto
+newpath 1333.6084 691.5475 moveto
+1349.3348 693.1144 1364.3851 691.0326 1364.3851 685.3022 curveto
+1364.3851 680.8252 1355.1991 678.5753 1343.6813 678.5523 curveto
 stroke
 0 0 0 edgecolor
-newpath 1285.4208 1023.0609 moveto
-1275.6084 1027.0568 lineto
-1285.771 1030.0521 lineto
+newpath 1343.4208 675.0609 moveto
+1333.6084 679.0568 lineto
+1343.771 682.0521 lineto
 closepath fill
 1 setlinewidth
 solid
 0 0 0 edgecolor
-newpath 1285.4208 1023.0609 moveto
-1275.6084 1027.0568 lineto
-1285.771 1030.0521 lineto
+newpath 1343.4208 675.0609 moveto
+1333.6084 679.0568 lineto
+1343.771 682.0521 lineto
 closepath stroke
 grestore
 % fcrypt
 gsave
 1 setlinewidth
 0 0 0 nodecolor
-1258.3238 1078.3543 31.6951 18 ellipse_path stroke
+1316.3238 730.3543 31.6951 18 ellipse_path stroke
 0 0 0 nodecolor
 14 /Times-Roman set_font
-1241.8238 1074.6543 moveto 33 (fcrypt) alignedtext
+1299.8238 726.6543 moveto 33 (fcrypt) alignedtext
 grestore
 % fcrypt->crypto
 gsave
 1 setlinewidth
 0 0 0 edgecolor
-newpath 1249.7111 1095.7233 moveto
-1249.2867 1096.5792 1248.8572 1097.4454 1248.4253 1098.3164 curveto
+newpath 1307.7111 747.7233 moveto
+1307.2867 748.5792 1306.8572 749.4454 1306.4253 750.3164 curveto
 stroke
 0 0 0 edgecolor
-newpath 1245.1356 1097.0722 moveto
-1243.8287 1107.5861 lineto
-1251.4069 1100.182 lineto
+newpath 1303.1356 749.0722 moveto
+1301.8287 759.5861 lineto
+1309.4069 752.182 lineto
 closepath fill
 1 setlinewidth
 solid
 0 0 0 edgecolor
-newpath 1245.1356 1097.0722 moveto
-1243.8287 1107.5861 lineto
-1251.4069 1100.182 lineto
+newpath 1303.1356 749.0722 moveto
+1301.8287 759.5861 lineto
+1309.4069 752.182 lineto
 closepath stroke
 grestore
 % fcrypt->sync
 gsave
 1 setlinewidth
 0 0 0 edgecolor
-newpath 1255.2667 1060.2894 moveto
-1255.2491 1060.1854 1255.2315 1060.0812 1255.2138 1059.9769 curveto
+newpath 1313.2667 712.2894 moveto
+1313.2491 712.1854 1313.2315 712.0812 1313.2138 711.9769 curveto
 stroke
 0 0 0 edgecolor
-newpath 1258.6792 1059.4779 moveto
-1253.5596 1050.2021 lineto
-1251.7774 1060.6459 lineto
+newpath 1316.6792 711.4779 moveto
+1311.5596 702.2021 lineto
+1309.7774 712.6459 lineto
 closepath fill
 1 setlinewidth
 solid
 0 0 0 edgecolor
-newpath 1258.6792 1059.4779 moveto
-1253.5596 1050.2021 lineto
-1251.7774 1060.6459 lineto
+newpath 1316.6792 711.4779 moveto
+1311.5596 702.2021 lineto
+1309.7774 712.6459 lineto
 closepath stroke
 grestore
 % filefilter
 gsave
 1 setlinewidth
 0 0 0 nodecolor
-newpath 1318.5308 1215.9 moveto
-1262.3935 1197.9 lineto
-1318.5308 1179.9 lineto
-1374.6681 1197.9 lineto
+newpath 1376.5308 867.9 moveto
+1320.3935 849.9 lineto
+1376.5308 831.9 lineto
+1432.6681 849.9 lineto
 closepath stroke
 1 setlinewidth
 0 0 0 nodecolor
-newpath 1273.8205 1201.564 moveto
-1273.8205 1194.2361 lineto
+newpath 1331.8205 853.564 moveto
+1331.8205 846.2361 lineto
 stroke
 1 setlinewidth
 0 0 0 nodecolor
-newpath 1307.1038 1183.564 moveto
-1329.9577 1183.564 lineto
+newpath 1365.1038 835.564 moveto
+1387.9577 835.564 lineto
 stroke
 1 setlinewidth
 0 0 0 nodecolor
-newpath 1363.2411 1194.2361 moveto
-1363.2411 1201.564 lineto
+newpath 1421.2411 846.2361 moveto
+1421.2411 853.564 lineto
 stroke
 1 setlinewidth
 0 0 0 nodecolor
-newpath 1329.9577 1212.2361 moveto
-1307.1038 1212.2361 lineto
+newpath 1387.9577 864.2361 moveto
+1365.1038 864.2361 lineto
 stroke
 0 0 0 nodecolor
 14 /Times-Roman set_font
-1296.0308 1194.2 moveto 45 (filefilter) alignedtext
+1354.0308 846.2 moveto 45 (filefilter) alignedtext
 grestore
 % fcrypt->filefilter
 gsave
 1 setlinewidth
 0 0 0 edgecolor
-newpath 1270.8326 1095.1869 moveto
-1275.9778 1102.5187 1281.7754 1111.3434 1286.288 1119.7486 curveto
-1295.3432 1136.6151 1303.541 1156.5816 1309.4044 1172.111 curveto
+newpath 1328.8326 747.1869 moveto
+1333.9778 754.5187 1339.7754 763.3434 1344.288 771.7486 curveto
+1353.3432 788.6151 1361.541 808.5816 1367.4044 824.111 curveto
 stroke
 0 0 0 edgecolor
-newpath 1306.1599 1173.4286 moveto
-1312.906 1181.5981 lineto
-1312.7269 1171.0048 lineto
+newpath 1364.1599 825.4286 moveto
+1370.906 833.5981 lineto
+1370.7269 823.0048 lineto
 closepath fill
 1 setlinewidth
 solid
 0 0 0 edgecolor
-newpath 1306.1599 1173.4286 moveto
-1312.906 1181.5981 lineto
-1312.7269 1171.0048 lineto
+newpath 1364.1599 825.4286 moveto
+1370.906 833.5981 lineto
+1370.7269 823.0048 lineto
 closepath stroke
 grestore
 % file
@@ -1633,34 +1724,34 @@ grestore
 gsave
 1 setlinewidth
 0 0 0 nodecolor
-newpath 553.2381 238.6409 moveto
-492.4089 220.6409 lineto
-553.2381 202.6409 lineto
-614.0673 220.6409 lineto
+newpath 1307.2381 1079.6409 moveto
+1246.4089 1061.6409 lineto
+1307.2381 1043.6409 lineto
+1368.0673 1061.6409 lineto
 closepath stroke
 1 setlinewidth
 0 0 0 nodecolor
-newpath 503.9157 224.0459 moveto
-503.9157 217.2359 lineto
+newpath 1257.9157 1065.0459 moveto
+1257.9157 1058.2359 lineto
 stroke
 1 setlinewidth
 0 0 0 nodecolor
-newpath 541.7313 206.0459 moveto
-564.7449 206.0459 lineto
+newpath 1295.7313 1047.0459 moveto
+1318.7449 1047.0459 lineto
 stroke
 1 setlinewidth
 0 0 0 nodecolor
-newpath 602.5605 217.2359 moveto
-602.5605 224.0459 lineto
+newpath 1356.5605 1058.2359 moveto
+1356.5605 1065.0459 lineto
 stroke
 1 setlinewidth
 0 0 0 nodecolor
-newpath 564.7449 235.2359 moveto
-541.7313 235.2359 lineto
+newpath 1318.7449 1076.2359 moveto
+1295.7313 1076.2359 lineto
 stroke
 0 0 0 nodecolor
 14 /Times-Roman set_font
-528.2381 216.9409 moveto 50 (filecheck) alignedtext
+1282.2381 1057.9409 moveto 50 (filecheck) alignedtext
 grestore
 % fstab
 gsave
@@ -1769,268 +1860,235 @@ grestore
 gsave
 1 setlinewidth
 0 0 0 nodecolor
-newpath 1499.5436 682.1847 moveto
-1456.1418 664.1847 lineto
-1499.5436 646.1847 lineto
-1542.9453 664.1847 lineto
+newpath 1008.9093 1394.9091 moveto
+965.5076 1376.9091 lineto
+1008.9093 1358.9091 lineto
+1052.311 1376.9091 lineto
 closepath stroke
 1 setlinewidth
 0 0 0 nodecolor
-newpath 1467.2264 668.7818 moveto
-1467.2264 659.5876 lineto
+newpath 976.5921 1381.5061 moveto
+976.5921 1372.312 lineto
 stroke
 1 setlinewidth
 0 0 0 nodecolor
-newpath 1488.459 650.7818 moveto
-1510.6281 650.7818 lineto
+newpath 997.8248 1363.5061 moveto
+1019.9938 1363.5061 lineto
 stroke
 1 setlinewidth
 0 0 0 nodecolor
-newpath 1531.8607 659.5876 moveto
-1531.8607 668.7818 lineto
+newpath 1041.2265 1372.312 moveto
+1041.2265 1381.5061 lineto
 stroke
 1 setlinewidth
 0 0 0 nodecolor
-newpath 1510.6281 677.5876 moveto
-1488.459 677.5876 lineto
+newpath 1019.9938 1390.312 moveto
+997.8248 1390.312 lineto
 stroke
 0 0 0 nodecolor
 14 /Times-Roman set_font
-1484.0436 660.4847 moveto 31 (apply) alignedtext
+993.4093 1373.2091 moveto 31 (apply) alignedtext
 grestore
 % glob
 gsave
 1 setlinewidth
 0 0 0 nodecolor
-1610.6261 664.1544 27 18 ellipse_path stroke
+1001.9409 1487.9616 27 18 ellipse_path stroke
 0 0 0 nodecolor
 14 /Times-Roman set_font
-1598.1261 660.4544 moveto 25 (glob) alignedtext
+989.4409 1484.2616 moveto 25 (glob) alignedtext
 grestore
 % glob->apply
 gsave
 1 setlinewidth
 0 0 0 edgecolor
-newpath 1583.4523 664.1618 moveto
-1574.2041 664.1644 1563.5216 664.1673 1552.9429 664.1702 curveto
+newpath 1003.0916 1469.6235 moveto
+1004.1991 1451.9731 1005.8889 1425.0442 1007.1624 1404.7481 curveto
 stroke
 0 0 0 edgecolor
-newpath 1552.8814 660.6701 moveto
-1542.8824 664.1729 lineto
-1552.8834 667.6701 lineto
+newpath 1010.6698 1404.7398 moveto
+1007.803 1394.5402 lineto
+1003.6835 1404.3013 lineto
 closepath fill
 1 setlinewidth
 solid
 0 0 0 edgecolor
-newpath 1552.8814 660.6701 moveto
-1542.8824 664.1729 lineto
-1552.8834 667.6701 lineto
+newpath 1010.6698 1404.7398 moveto
+1007.803 1394.5402 lineto
+1003.6835 1404.3013 lineto
 closepath stroke
 grestore
 % gopts
 gsave
 1 setlinewidth
 0 0 0 nodecolor
-newpath 1115.2381 151.6409 moveto
-1073.1745 133.6409 lineto
-1115.2381 115.6409 lineto
-1157.3017 133.6409 lineto
+newpath 622.2381 1137.6409 moveto
+580.1745 1119.6409 lineto
+622.2381 1101.6409 lineto
+664.3017 1119.6409 lineto
 closepath stroke
 1 setlinewidth
 0 0 0 nodecolor
-newpath 1084.2069 138.3619 moveto
-1084.2069 128.9199 lineto
+newpath 591.2069 1124.3619 moveto
+591.2069 1114.9199 lineto
 stroke
 1 setlinewidth
 0 0 0 nodecolor
-newpath 1104.2058 120.3619 moveto
-1126.2704 120.3619 lineto
+newpath 611.2058 1106.3619 moveto
+633.2704 1106.3619 lineto
 stroke
 1 setlinewidth
 0 0 0 nodecolor
-newpath 1146.2694 128.9199 moveto
-1146.2694 138.3619 lineto
+newpath 653.2694 1114.9199 moveto
+653.2694 1124.3619 lineto
 stroke
 1 setlinewidth
 0 0 0 nodecolor
-newpath 1126.2704 146.9199 moveto
-1104.2058 146.9199 lineto
+newpath 633.2704 1132.9199 moveto
+611.2058 1132.9199 lineto
 stroke
 0 0 0 nodecolor
 14 /Times-Roman set_font
-1100.2381 129.9409 moveto 30 (gopts) alignedtext
+607.2381 1115.9409 moveto 30 (gopts) alignedtext
 grestore
 % gpgme
 gsave
 1 setlinewidth
 0 0 0 nodecolor
-1360.278 1092.7764 35.194 18 ellipse_path stroke
+1418.278 744.7764 35.194 18 ellipse_path stroke
 0 0 0 nodecolor
 14 /Times-Roman set_font
-1341.278 1089.0764 moveto 38 (gpgme) alignedtext
+1399.278 741.0764 moveto 38 (gpgme) alignedtext
 grestore
 % gpgme->crypto
 gsave
 1 setlinewidth
 0 0 0 edgecolor
-newpath 1328.3276 1100.5465 moveto
-1312.0027 1104.5166 1292.0103 1109.3786 1274.8274 1113.5574 curveto
+newpath 1386.3276 752.5465 moveto
+1370.0027 756.5166 1350.0103 761.3786 1332.8274 765.5574 curveto
 stroke
 0 0 0 edgecolor
-newpath 1273.9736 1110.1629 moveto
-1265.0839 1115.9269 lineto
-1275.6278 1116.9647 lineto
+newpath 1331.9736 762.1629 moveto
+1323.0839 767.9269 lineto
+1333.6278 768.9647 lineto
 closepath fill
 1 setlinewidth
 solid
 0 0 0 edgecolor
-newpath 1273.9736 1110.1629 moveto
-1265.0839 1115.9269 lineto
-1275.6278 1116.9647 lineto
+newpath 1331.9736 762.1629 moveto
+1323.0839 767.9269 lineto
+1333.6278 768.9647 lineto
 closepath stroke
 grestore
 % hexcode
 gsave
 1 setlinewidth
 0 0 0 nodecolor
-1026.7093 481.5412 40.0939 18 ellipse_path stroke
+1171.7093 771.5412 40.0939 18 ellipse_path stroke
 0 0 0 nodecolor
 14 /Times-Roman set_font
-1003.7093 477.8412 moveto 46 (hexcode) alignedtext
+1148.7093 767.8412 moveto 46 (hexcode) alignedtext
 grestore
 % hexcode->code
 gsave
 1 setlinewidth
 0 0 0 edgecolor
-newpath 1025.7303 499.5605 moveto
-1025.7245 499.6684 1025.7186 499.7764 1025.7127 499.8845 curveto
+newpath 1170.7303 789.5605 moveto
+1170.7245 789.6684 1170.7186 789.7764 1170.7127 789.8845 curveto
 stroke
 0 0 0 edgecolor
-newpath 1022.2075 499.8879 moveto
-1025.1598 510.0631 lineto
-1029.1972 500.2677 lineto
+newpath 1167.2075 789.8879 moveto
+1170.1598 800.0631 lineto
+1174.1972 790.2677 lineto
 closepath fill
 1 setlinewidth
 solid
 0 0 0 edgecolor
-newpath 1022.2075 499.8879 moveto
-1025.1598 510.0631 lineto
-1029.1972 500.2677 lineto
+newpath 1167.2075 789.8879 moveto
+1170.1598 800.0631 lineto
+1174.1972 790.2677 lineto
 closepath stroke
 grestore
 % conv
 gsave
 1 setlinewidth
 0 0 0 nodecolor
-newpath 1174.3874 506.1803 moveto
-1134.8398 488.1803 lineto
-1174.3874 470.1803 lineto
-1213.9349 488.1803 lineto
+newpath 1027.3918 1039.8671 moveto
+987.8442 1021.8671 lineto
+1027.3918 1003.8671 lineto
+1066.9393 1021.8671 lineto
 closepath stroke
 1 setlinewidth
 0 0 0 nodecolor
-newpath 1145.7618 493.1514 moveto
-1145.7618 483.2093 lineto
+newpath 998.7661 1026.8382 moveto
+998.7661 1016.896 lineto
 stroke
 1 setlinewidth
 0 0 0 nodecolor
-newpath 1163.4655 475.1514 moveto
-1185.3093 475.1514 lineto
+newpath 1016.4698 1008.8382 moveto
+1038.3137 1008.8382 lineto
 stroke
 1 setlinewidth
 0 0 0 nodecolor
-newpath 1203.013 483.2093 moveto
-1203.013 493.1514 lineto
+newpath 1056.0174 1016.896 moveto
+1056.0174 1026.8382 lineto
 stroke
 1 setlinewidth
 0 0 0 nodecolor
-newpath 1185.3093 501.2093 moveto
-1163.4655 501.2093 lineto
+newpath 1038.3137 1034.896 moveto
+1016.4698 1034.896 lineto
 stroke
 0 0 0 nodecolor
 14 /Times-Roman set_font
-1160.8874 484.4803 moveto 27 (conv) alignedtext
+1013.8918 1018.1671 moveto 27 (conv) alignedtext
 grestore
 % hexnumber
 gsave
 1 setlinewidth
 0 0 0 nodecolor
-1234.3585 622.7863 50.8918 18 ellipse_path stroke
+1026.9373 1066.2545 50.8918 18 ellipse_path stroke
 0 0 0 nodecolor
 14 /Times-Roman set_font
-1203.3585 619.0863 moveto 62 (hexnumber) alignedtext
+995.9373 1062.5545 moveto 62 (hexnumber) alignedtext
 grestore
-% hexnumber->conv
+% hexnumber->check
 gsave
 1 setlinewidth
 0 0 0 edgecolor
-newpath 1226.3948 604.9117 moveto
-1215.8283 581.1951 1197.1308 539.2283 1185.2686 512.6034 curveto
+newpath 1023.6774 1084.2712 moveto
+1023.5925 1084.7405 1023.507 1085.2128 1023.4212 1085.6872 curveto
 stroke
 0 0 0 edgecolor
-newpath 1188.355 510.9304 moveto
-1181.0882 503.2204 lineto
-1181.9609 513.7793 lineto
+newpath 1019.9498 1085.2155 moveto
+1021.6133 1095.679 lineto
+1026.8379 1086.462 lineto
 closepath fill
 1 setlinewidth
 solid
 0 0 0 edgecolor
-newpath 1188.355 510.9304 moveto
-1181.0882 503.2204 lineto
-1181.9609 513.7793 lineto
+newpath 1019.9498 1085.2155 moveto
+1021.6133 1095.679 lineto
+1026.8379 1086.462 lineto
 closepath stroke
 grestore
-% check
-gsave
-1 setlinewidth
-0 0 0 nodecolor
-newpath 1254.0647 684.8413 moveto
-1209.8253 666.8413 lineto
-1254.0647 648.8413 lineto
-1298.3041 666.8413 lineto
-closepath stroke
-1 setlinewidth
-0 0 0 nodecolor
-newpath 1220.9404 671.3638 moveto
-1220.9404 662.3188 lineto
-stroke
-1 setlinewidth
-0 0 0 nodecolor
-newpath 1242.9495 653.3638 moveto
-1265.1798 653.3638 lineto
-stroke
-1 setlinewidth
-0 0 0 nodecolor
-newpath 1287.1889 662.3188 moveto
-1287.1889 671.3638 lineto
-stroke
-1 setlinewidth
-0 0 0 nodecolor
-newpath 1265.1798 680.3188 moveto
-1242.9495 680.3188 lineto
-stroke
-0 0 0 nodecolor
-14 /Times-Roman set_font
-1238.0647 663.1413 moveto 32 (check) alignedtext
-grestore
-% hexnumber->check
+% hexnumber->conv
 gsave
 1 setlinewidth
 0 0 0 edgecolor
-newpath 1242.3737 640.7052 moveto
-1242.5709 641.1459 1242.769 641.5889 1242.9679 642.0334 curveto
+newpath 1027.1222 1048.2005 moveto
+1027.123 1048.1164 1027.1239 1048.0324 1027.1248 1047.9482 curveto
 stroke
 0 0 0 edgecolor
-newpath 1239.8527 643.6409 moveto
-1247.1309 651.3402 lineto
-1246.2425 640.7826 lineto
+newpath 1030.6029 1050.0846 moveto
+1027.2056 1040.0492 lineto
+1023.6033 1050.0128 lineto
 closepath fill
 1 setlinewidth
 solid
 0 0 0 edgecolor
-newpath 1239.8527 643.6409 moveto
-1247.1309 651.3402 lineto
-1246.2425 640.7826 lineto
+newpath 1030.6029 1050.0846 moveto
+1027.2056 1040.0492 lineto
+1023.6033 1050.0128 lineto
 closepath stroke
 grestore
 % hosts
@@ -2111,160 +2169,159 @@ grestore
 gsave
 1 setlinewidth
 0 0 0 nodecolor
-1108.4642 395.3993 30.5947 18 ellipse_path stroke
+1034.0462 888.4181 30.5947 18 ellipse_path stroke
 0 0 0 nodecolor
 14 /Times-Roman set_font
-1092.9642 391.6993 moveto 31 (iconv) alignedtext
+1018.5462 884.7181 moveto 31 (iconv) alignedtext
 grestore
 % iconv->conv
 gsave
 1 setlinewidth
 0 0 0 edgecolor
-newpath 1110.3955 413.6428 moveto
-1111.9879 423.0192 1114.8791 434.3469 1120.1137 443.4067 curveto
-1126.8454 455.0573 1137.8329 464.9716 1148.1673 472.4866 curveto
+newpath 1050.5808 903.6968 moveto
+1063.333 917.2778 1078.5678 938.322 1077.0519 960.2079 curveto
+1075.8288 977.8675 1063.2677 993.3641 1051.0862 1004.4045 curveto
 stroke
 0 0 0 edgecolor
-newpath 1146.3514 475.4844 moveto
-1156.5868 478.2204 lineto
-1150.2915 469.6987 lineto
+newpath 1048.6548 1001.8762 moveto
+1043.2589 1010.9941 lineto
+1053.163 1007.2312 lineto
 closepath fill
 1 setlinewidth
 solid
 0 0 0 edgecolor
-newpath 1146.3514 475.4844 moveto
-1156.5868 478.2204 lineto
-1150.2915 469.6987 lineto
+newpath 1048.6548 1001.8762 moveto
+1043.2589 1010.9941 lineto
+1053.163 1007.2312 lineto
 closepath stroke
 grestore
 % internalnotification
 gsave
 1 setlinewidth
 0 0 0 nodecolor
-newpath 1357.2381 876.6409 moveto
-1247.14 858.6409 lineto
-1357.2381 840.6409 lineto
-1467.3362 858.6409 lineto
+newpath 1357.2381 499.6409 moveto
+1247.14 481.6409 lineto
+1357.2381 463.6409 lineto
+1467.3362 481.6409 lineto
 closepath stroke
 1 setlinewidth
 0 0 0 nodecolor
-newpath 1258.9828 860.5771 moveto
-1258.9828 856.7047 lineto
+newpath 1258.9828 483.5771 moveto
+1258.9828 479.7047 lineto
 stroke
 1 setlinewidth
 0 0 0 nodecolor
-newpath 1345.3953 842.5771 moveto
-1369.0809 842.5771 lineto
+newpath 1345.3953 465.5771 moveto
+1369.0809 465.5771 lineto
 stroke
 1 setlinewidth
 0 0 0 nodecolor
-newpath 1455.4935 856.7047 moveto
-1455.4935 860.5771 lineto
+newpath 1455.4935 479.7047 moveto
+1455.4935 483.5771 lineto
 stroke
 1 setlinewidth
 0 0 0 nodecolor
-newpath 1369.0809 874.7047 moveto
-1345.3953 874.7047 lineto
+newpath 1369.0809 497.7047 moveto
+1345.3953 497.7047 lineto
 stroke
 0 0 0 nodecolor
 14 /Times-Roman set_font
-1305.2381 854.9409 moveto 104 (internalnotification) alignedtext
+1305.2381 477.9409 moveto 104 (internalnotification) alignedtext
 grestore
 % ipaddr
 gsave
 1 setlinewidth
 0 0 0 nodecolor
-1189.4028 770.4673 33.2948 18 ellipse_path stroke
+888.1009 1134.5223 33.2948 18 ellipse_path stroke
 0 0 0 nodecolor
 14 /Times-Roman set_font
-1171.9028 766.7673 moveto 35 (ipaddr) alignedtext
+870.6009 1130.8223 moveto 35 (ipaddr) alignedtext
 grestore
 % ipaddr->check
 gsave
 1 setlinewidth
 0 0 0 edgecolor
-newpath 1190.6144 752.2135 moveto
-1192.059 740.036 1195.224 724.013 1202.1558 711.4303 curveto
-1208.2301 700.4044 1218.1691 690.8669 1227.7328 683.4746 curveto
+newpath 920.0166 1129.1379 moveto
+937.2024 1126.2386 958.6055 1122.6277 977.0706 1119.5126 curveto
 stroke
 0 0 0 edgecolor
-newpath 1229.8795 686.2416 moveto
-1235.9341 677.5472 lineto
-1225.7791 680.5682 lineto
+newpath 977.7029 1122.9555 moveto
+986.9813 1117.8406 lineto
+976.5384 1116.053 lineto
 closepath fill
 1 setlinewidth
 solid
 0 0 0 edgecolor
-newpath 1229.8795 686.2416 moveto
-1235.9341 677.5472 lineto
-1225.7791 680.5682 lineto
+newpath 977.7029 1122.9555 moveto
+986.9813 1117.8406 lineto
+976.5384 1116.053 lineto
 closepath stroke
 grestore
 % iterate
 gsave
 1 setlinewidth
 0 0 0 nodecolor
-newpath 626.2381 1137.6409 moveto
-580.3224 1119.6409 lineto
-626.2381 1101.6409 lineto
-672.1539 1119.6409 lineto
+newpath 481.2381 1137.6409 moveto
+435.3224 1119.6409 lineto
+481.2381 1101.6409 lineto
+527.1539 1119.6409 lineto
 closepath stroke
 1 setlinewidth
 0 0 0 nodecolor
-newpath 591.4945 1124.0206 moveto
-591.4945 1115.2611 lineto
+newpath 446.4945 1124.0206 moveto
+446.4945 1115.2611 lineto
 stroke
 1 setlinewidth
 0 0 0 nodecolor
-newpath 615.0659 1106.0206 moveto
-637.4103 1106.0206 lineto
+newpath 470.0659 1106.0206 moveto
+492.4103 1106.0206 lineto
 stroke
 1 setlinewidth
 0 0 0 nodecolor
-newpath 660.9817 1115.2611 moveto
-660.9817 1124.0206 lineto
+newpath 515.9817 1115.2611 moveto
+515.9817 1124.0206 lineto
 stroke
 1 setlinewidth
 0 0 0 nodecolor
-newpath 637.4103 1133.2611 moveto
-615.0659 1133.2611 lineto
+newpath 492.4103 1133.2611 moveto
+470.0659 1133.2611 lineto
 stroke
 0 0 0 nodecolor
 14 /Times-Roman set_font
-609.2381 1115.9409 moveto 34 (iterate) alignedtext
+464.2381 1115.9409 moveto 34 (iterate) alignedtext
 grestore
 % jni
 gsave
 1 setlinewidth
 0 0 0 nodecolor
-newpath 347.2381 354.6409 moveto
-318.7504 336.6409 lineto
-347.2381 318.6409 lineto
-375.7259 336.6409 lineto
+newpath 521.2381 151.6409 moveto
+492.7504 133.6409 lineto
+521.2381 115.6409 lineto
+549.7259 133.6409 lineto
 closepath stroke
 1 setlinewidth
 0 0 0 nodecolor
-newpath 328.2463 342.6409 moveto
-328.2463 330.6409 lineto
+newpath 502.2463 139.6409 moveto
+502.2463 127.6409 lineto
 stroke
 1 setlinewidth
 0 0 0 nodecolor
-newpath 337.7422 324.6409 moveto
-356.734 324.6409 lineto
+newpath 511.7422 121.6409 moveto
+530.734 121.6409 lineto
 stroke
 1 setlinewidth
 0 0 0 nodecolor
-newpath 366.23 330.6409 moveto
-366.23 342.6409 lineto
+newpath 540.23 127.6409 moveto
+540.23 139.6409 lineto
 stroke
 1 setlinewidth
 0 0 0 nodecolor
-newpath 356.734 348.6409 moveto
-337.7422 348.6409 lineto
+newpath 530.734 145.6409 moveto
+511.7422 145.6409 lineto
 stroke
 0 0 0 nodecolor
 14 /Times-Roman set_font
-339.7381 332.9409 moveto 15 (jni) alignedtext
+513.7381 129.9409 moveto 15 (jni) alignedtext
 grestore
 % logging
 gsave
@@ -2406,29 +2463,58 @@ grestore
 gsave
 1 setlinewidth
 0 0 0 nodecolor
-1169.8095 443.408 48.1917 18 ellipse_path stroke
+1027.3583 960.0251 48.1917 18 ellipse_path stroke
 0 0 0 nodecolor
 14 /Times-Roman set_font
-1140.8095 439.708 moveto 58 (keytometa) alignedtext
+998.3583 956.3251 moveto 58 (keytometa) alignedtext
 grestore
 % keytometa->conv
 gsave
 1 setlinewidth
 0 0 0 edgecolor
-newpath 1171.6715 461.6186 moveto
-1171.6811 461.7124 1171.6907 461.8063 1171.7003 461.9003 curveto
+newpath 1027.3682 978.2453 moveto
+1027.3707 982.9839 1027.3736 988.2042 1027.3763 993.3361 curveto
+stroke
+0 0 0 edgecolor
+newpath 1023.8764 993.5654 moveto
+1027.3819 1003.5635 lineto
+1030.8764 993.5616 lineto
+closepath fill
+1 setlinewidth
+solid
+0 0 0 edgecolor
+newpath 1023.8764 993.5654 moveto
+1027.3819 1003.5635 lineto
+1030.8764 993.5616 lineto
+closepath stroke
+grestore
+% length
+gsave
+1 setlinewidth
+0 0 0 nodecolor
+1160.421 1076.6615 32.4942 18 ellipse_path stroke
+0 0 0 nodecolor
+14 /Times-Roman set_font
+1143.421 1072.9615 moveto 34 (length) alignedtext
+grestore
+% length->check
+gsave
+1 setlinewidth
+0 0 0 edgecolor
+newpath 1130.6839 1084.1769 moveto
+1108.8868 1089.6856 1079.1474 1097.2016 1055.7747 1103.1085 curveto
 stroke
 0 0 0 edgecolor
-newpath 1168.1019 461.1178 moveto
-1172.601 470.7099 lineto
-1175.0656 460.4057 lineto
+newpath 1054.7008 1099.7698 moveto
+1045.8632 1105.6135 lineto
+1056.416 1106.5565 lineto
 closepath fill
 1 setlinewidth
 solid
 0 0 0 edgecolor
-newpath 1168.1019 461.1178 moveto
-1172.601 470.7099 lineto
-1175.0656 460.4057 lineto
+newpath 1054.7008 1099.7698 moveto
+1045.8632 1105.6135 lineto
+1056.416 1106.5565 lineto
 closepath stroke
 grestore
 % line
@@ -2542,153 +2628,153 @@ grestore
 gsave
 1 setlinewidth
 0 0 0 nodecolor
-newpath 1248.2381 93.6409 moveto
-1218.0728 75.6409 lineto
-1248.2381 57.6409 lineto
-1278.4034 75.6409 lineto
+newpath 349.2381 1166.6409 moveto
+319.0728 1148.6409 lineto
+349.2381 1130.6409 lineto
+379.4034 1148.6409 lineto
 closepath stroke
 1 setlinewidth
 0 0 0 nodecolor
-newpath 1228.1279 81.6409 moveto
-1228.1279 69.6409 lineto
+newpath 329.1279 1154.6409 moveto
+329.1279 1142.6409 lineto
 stroke
 1 setlinewidth
 0 0 0 nodecolor
-newpath 1238.183 63.6409 moveto
-1258.2932 63.6409 lineto
+newpath 339.183 1136.6409 moveto
+359.2932 1136.6409 lineto
 stroke
 1 setlinewidth
 0 0 0 nodecolor
-newpath 1268.3483 69.6409 moveto
-1268.3483 81.6409 lineto
+newpath 369.3483 1142.6409 moveto
+369.3483 1154.6409 lineto
 stroke
 1 setlinewidth
 0 0 0 nodecolor
-newpath 1258.2932 87.6409 moveto
-1238.183 87.6409 lineto
+newpath 359.2932 1160.6409 moveto
+339.183 1160.6409 lineto
 stroke
 0 0 0 nodecolor
 14 /Times-Roman set_font
-1239.7381 71.9409 moveto 17 (list) alignedtext
+340.7381 1144.9409 moveto 17 (list) alignedtext
 grestore
 % logchange
 gsave
 1 setlinewidth
 0 0 0 nodecolor
-1329.5081 253.7922 46.5926 18 ellipse_path stroke
+1126.5081 398.7922 46.5926 18 ellipse_path stroke
 0 0 0 nodecolor
 14 /Times-Roman set_font
-1301.5081 250.0922 moveto 56 (logchange) alignedtext
+1098.5081 395.0922 moveto 56 (logchange) alignedtext
 grestore
 % logchange->tracing
 gsave
 1 setlinewidth
 0 0 0 edgecolor
-newpath 1343.593 271.1165 moveto
-1344.9019 272.7264 1346.2402 274.3725 1347.5786 276.0187 curveto
+newpath 1140.593 416.1165 moveto
+1141.9019 417.7264 1143.2402 419.3725 1144.5786 421.0187 curveto
 stroke
 0 0 0 edgecolor
-newpath 1345.1112 278.5322 moveto
-1354.1353 284.0834 lineto
-1350.5427 274.1163 lineto
+newpath 1142.1112 423.5322 moveto
+1151.1353 429.0834 lineto
+1147.5427 419.1163 lineto
 closepath fill
 1 setlinewidth
 solid
 0 0 0 edgecolor
-newpath 1345.1112 278.5322 moveto
-1354.1353 284.0834 lineto
-1350.5427 274.1163 lineto
+newpath 1142.1112 423.5322 moveto
+1151.1353 429.0834 lineto
+1147.5427 419.1163 lineto
 closepath stroke
 grestore
 % lua
 gsave
 1 setlinewidth
 0 0 0 nodecolor
-newpath 1364.2381 93.6409 moveto
-1334.0728 75.6409 lineto
-1364.2381 57.6409 lineto
-1394.4034 75.6409 lineto
+newpath 349.2381 354.6409 moveto
+319.0728 336.6409 lineto
+349.2381 318.6409 lineto
+379.4034 336.6409 lineto
 closepath stroke
 1 setlinewidth
 0 0 0 nodecolor
-newpath 1344.1279 81.6409 moveto
-1344.1279 69.6409 lineto
+newpath 329.1279 342.6409 moveto
+329.1279 330.6409 lineto
 stroke
 1 setlinewidth
 0 0 0 nodecolor
-newpath 1354.183 63.6409 moveto
-1374.2932 63.6409 lineto
+newpath 339.183 324.6409 moveto
+359.2932 324.6409 lineto
 stroke
 1 setlinewidth
 0 0 0 nodecolor
-newpath 1384.3483 69.6409 moveto
-1384.3483 81.6409 lineto
+newpath 369.3483 330.6409 moveto
+369.3483 342.6409 lineto
 stroke
 1 setlinewidth
 0 0 0 nodecolor
-newpath 1374.2932 87.6409 moveto
-1354.183 87.6409 lineto
+newpath 359.2932 348.6409 moveto
+339.183 348.6409 lineto
 stroke
 0 0 0 nodecolor
 14 /Times-Roman set_font
-1355.7381 71.9409 moveto 17 (lua) alignedtext
+340.7381 332.9409 moveto 17 (lua) alignedtext
 grestore
 % macaddr
 gsave
 1 setlinewidth
 0 0 0 nodecolor
-1134.922 717.2955 41.6928 18 ellipse_path stroke
+882.3955 1066.1576 41.6928 18 ellipse_path stroke
 0 0 0 nodecolor
 14 /Times-Roman set_font
-1110.922 713.5955 moveto 48 (macaddr) alignedtext
+858.3955 1062.4576 moveto 48 (macaddr) alignedtext
 grestore
 % macaddr->check
 gsave
 1 setlinewidth
 0 0 0 edgecolor
-newpath 1164.6794 704.6939 moveto
-1182.3585 697.2072 1204.7576 687.7217 1222.7105 680.1191 curveto
+newpath 915.3589 1077.3787 moveto
+936.4236 1084.5493 963.6647 1093.8224 984.8707 1101.0411 curveto
 stroke
 0 0 0 edgecolor
-newpath 1224.3252 683.2363 moveto
-1232.1687 676.1138 lineto
-1221.5955 676.7904 lineto
+newpath 983.8488 1104.3904 moveto
+994.4432 1104.2997 lineto
+986.1046 1097.7638 lineto
 closepath fill
 1 setlinewidth
 solid
 0 0 0 edgecolor
-newpath 1224.3252 683.2363 moveto
-1232.1687 676.1138 lineto
-1221.5955 676.7904 lineto
+newpath 983.8488 1104.3904 moveto
+994.4432 1104.2997 lineto
+986.1046 1097.7638 lineto
 closepath stroke
 grestore
 % mathcheck
 gsave
 1 setlinewidth
 0 0 0 nodecolor
-1122.0386 635.6807 49.2915 18 ellipse_path stroke
+1180.3532 1143.1008 49.2915 18 ellipse_path stroke
 0 0 0 nodecolor
 14 /Times-Roman set_font
-1092.0386 631.9807 moveto 60 (mathcheck) alignedtext
+1150.3532 1139.4008 moveto 60 (mathcheck) alignedtext
 grestore
 % mathcheck->check
 gsave
 1 setlinewidth
 0 0 0 edgecolor
-newpath 1163.8125 645.5401 moveto
-1180.5789 649.4973 1199.768 654.0263 1216.1291 657.8878 curveto
+newpath 1136.1446 1134.7422 moveto
+1112.0212 1130.1812 1082.3757 1124.5761 1058.8881 1120.1353 curveto
 stroke
 0 0 0 edgecolor
-newpath 1215.3671 661.3041 moveto
-1225.9037 660.1948 lineto
-1216.9751 654.4913 lineto
+newpath 1059.3794 1116.6662 moveto
+1048.9032 1118.2474 lineto
+1058.0789 1123.5444 lineto
 closepath fill
 1 setlinewidth
 solid
 0 0 0 edgecolor
-newpath 1215.3671 661.3041 moveto
-1225.9037 660.1948 lineto
-1216.9751 654.4913 lineto
+newpath 1059.3794 1116.6662 moveto
+1048.9032 1118.2474 lineto
+1058.0789 1123.5444 lineto
 closepath stroke
 grestore
 % mini
@@ -2932,30 +3018,30 @@ grestore
 gsave
 1 setlinewidth
 0 0 0 nodecolor
-1325.5096 564.8407 39.7935 18 ellipse_path stroke
+1122.9796 1217.7832 39.7935 18 ellipse_path stroke
 0 0 0 nodecolor
 14 /Times-Roman set_font
-1303.0096 561.1407 moveto 45 (network) alignedtext
+1100.4796 1214.0832 moveto 45 (network) alignedtext
 grestore
 % network->check
 gsave
 1 setlinewidth
 0 0 0 edgecolor
-newpath 1314.1681 582.2806 moveto
-1306.5335 593.8997 1296.1613 609.455 1286.6523 622.9444 curveto
-1281.6536 630.0354 1276.07 637.659 1270.9565 644.5309 curveto
+newpath 1092.6276 1206.0823 moveto
+1078.1053 1199.6854 1060.9396 1190.9038 1047.2278 1180.3368 curveto
+1034.4358 1170.4786 1027.2895 1153.8322 1023.332 1139.4985 curveto
 stroke
 0 0 0 edgecolor
-newpath 1268.0039 642.6345 moveto
-1264.8101 652.7365 lineto
-1273.6065 646.8311 lineto
+newpath 1026.6969 1138.5194 moveto
+1020.9788 1129.6001 lineto
+1019.8867 1140.1385 lineto
 closepath fill
 1 setlinewidth
 solid
 0 0 0 edgecolor
-newpath 1268.0039 642.6345 moveto
-1264.8101 652.7365 lineto
-1273.6065 646.8311 lineto
+newpath 1026.6969 1138.5194 moveto
+1020.9788 1129.6001 lineto
+1019.8867 1140.1385 lineto
 closepath stroke
 grestore
 % ni
@@ -2971,21 +3057,21 @@ grestore
 gsave
 1 setlinewidth
 0 0 0 edgecolor
-newpath 369.9694 492.9395 moveto
-390.4715 504.4463 422.5968 522.42 450.5323 537.8027 curveto
-510.3875 570.762 580.7091 608.8141 619.5239 629.7591 curveto
+newpath 369.9435 492.9197 moveto
+390.4201 504.4075 422.505 522.3523 450.4035 537.7136 curveto
+510.3008 570.694 580.6668 608.7797 619.5058 629.7441 curveto
 stroke
 0 0 0 edgecolor
-newpath 618.2249 633.0351 moveto
-628.6877 634.7021 lineto
-621.5481 626.8742 lineto
+newpath 618.2126 633.0233 moveto
+628.6753 634.6917 lineto
+621.5366 626.8629 lineto
 closepath fill
 1 setlinewidth
 solid
 0 0 0 edgecolor
-newpath 618.2249 633.0351 moveto
-628.6877 634.7021 lineto
-621.5481 626.8742 lineto
+newpath 618.2126 633.0233 moveto
+628.6753 634.6917 lineto
+621.5366 626.8629 lineto
 closepath stroke
 grestore
 % ini
@@ -3148,130 +3234,129 @@ grestore
 gsave
 1 setlinewidth
 0 0 0 nodecolor
-1267.1589 782.7863 27 18 ellipse_path stroke
+981.3996 1164.5974 27 18 ellipse_path stroke
 0 0 0 nodecolor
 14 /Times-Roman set_font
-1255.1589 779.0863 moveto 24 (path) alignedtext
+969.3996 1160.8974 moveto 24 (path) alignedtext
 grestore
 % path->check
 gsave
 1 setlinewidth
 0 0 0 edgecolor
-newpath 1280.2151 766.7445 moveto
-1290.09 752.7176 1301.3654 731.5228 1297.6472 711.5537 curveto
-1295.6021 700.5704 1288.1399 691.1837 1279.9538 683.8883 curveto
+newpath 993.1598 1148.1172 moveto
+996.1665 1143.9037 999.45 1139.3024 1002.6281 1134.8487 curveto
 stroke
 0 0 0 edgecolor
-newpath 1282.0308 681.0676 moveto
-1272.0367 677.5506 lineto
-1277.6562 686.5323 lineto
+newpath 1005.5497 1136.78 moveto
+1008.5094 1126.6069 lineto
+999.8517 1132.7139 lineto
 closepath fill
 1 setlinewidth
 solid
 0 0 0 edgecolor
-newpath 1282.0308 681.0676 moveto
-1272.0367 677.5506 lineto
-1277.6562 686.5323 lineto
+newpath 1005.5497 1136.78 moveto
+1008.5094 1126.6069 lineto
+999.8517 1132.7139 lineto
 closepath stroke
 grestore
 % process
 gsave
 1 setlinewidth
 0 0 0 nodecolor
-newpath 487.2381 1137.6409 moveto
-434.954 1119.6409 lineto
-487.2381 1101.6409 lineto
-539.5223 1119.6409 lineto
+newpath 1415.2381 383.6409 moveto
+1362.954 365.6409 lineto
+1415.2381 347.6409 lineto
+1467.5223 365.6409 lineto
 closepath stroke
 1 setlinewidth
 0 0 0 nodecolor
-newpath 446.3004 1123.5471 moveto
-446.3004 1115.7346 lineto
+newpath 1374.3004 369.5471 moveto
+1374.3004 361.7346 lineto
 stroke
 1 setlinewidth
 0 0 0 nodecolor
-newpath 475.8917 1105.5471 moveto
-498.5845 1105.5471 lineto
+newpath 1403.8917 351.5471 moveto
+1426.5845 351.5471 lineto
 stroke
 1 setlinewidth
 0 0 0 nodecolor
-newpath 528.1759 1115.7346 moveto
-528.1759 1123.5471 lineto
+newpath 1456.1759 361.7346 moveto
+1456.1759 369.5471 lineto
 stroke
 1 setlinewidth
 0 0 0 nodecolor
-newpath 498.5845 1133.7346 moveto
-475.8917 1133.7346 lineto
+newpath 1426.5845 379.7346 moveto
+1403.8917 379.7346 lineto
 stroke
 0 0 0 nodecolor
 14 /Times-Roman set_font
-466.7381 1115.9409 moveto 41 (process) alignedtext
+1394.7381 361.9409 moveto 41 (process) alignedtext
 grestore
 % profile
 gsave
 1 setlinewidth
 0 0 0 nodecolor
-newpath 541.2381 151.6409 moveto
-492.3065 133.6409 lineto
-541.2381 115.6409 lineto
-590.1697 133.6409 lineto
+newpath 1411.2381 586.6409 moveto
+1362.3065 568.6409 lineto
+1411.2381 550.6409 lineto
+1460.1697 568.6409 lineto
 closepath stroke
 1 setlinewidth
 0 0 0 nodecolor
-newpath 503.5687 137.7838 moveto
-503.5687 129.498 lineto
+newpath 1373.5687 572.7838 moveto
+1373.5687 564.498 lineto
 stroke
 1 setlinewidth
 0 0 0 nodecolor
-newpath 529.976 119.7838 moveto
-552.5003 119.7838 lineto
+newpath 1399.976 554.7838 moveto
+1422.5003 554.7838 lineto
 stroke
 1 setlinewidth
 0 0 0 nodecolor
-newpath 578.9076 129.498 moveto
-578.9076 137.7838 lineto
+newpath 1448.9076 564.498 moveto
+1448.9076 572.7838 lineto
 stroke
 1 setlinewidth
 0 0 0 nodecolor
-newpath 552.5003 147.498 moveto
-529.976 147.498 lineto
+newpath 1422.5003 582.498 moveto
+1399.976 582.498 lineto
 stroke
 0 0 0 nodecolor
 14 /Times-Roman set_font
-522.7381 129.9409 moveto 37 (profile) alignedtext
+1392.7381 564.9409 moveto 37 (profile) alignedtext
 grestore
 % python
 gsave
 1 setlinewidth
 0 0 0 nodecolor
-newpath 1093.2381 1166.6409 moveto
-1043.4688 1148.6409 lineto
-1093.2381 1130.6409 lineto
-1143.0075 1148.6409 lineto
+newpath 1354.2381 1166.6409 moveto
+1304.4688 1148.6409 lineto
+1354.2381 1130.6409 lineto
+1404.0075 1148.6409 lineto
 closepath stroke
 1 setlinewidth
 0 0 0 nodecolor
-newpath 1054.7534 1152.7222 moveto
-1054.7534 1144.5596 lineto
+newpath 1315.7534 1152.7222 moveto
+1315.7534 1144.5596 lineto
 stroke
 1 setlinewidth
 0 0 0 nodecolor
-newpath 1081.9535 1134.7222 moveto
-1104.5228 1134.7222 lineto
+newpath 1342.9535 1134.7222 moveto
+1365.5228 1134.7222 lineto
 stroke
 1 setlinewidth
 0 0 0 nodecolor
-newpath 1131.7228 1144.5596 moveto
-1131.7228 1152.7222 lineto
+newpath 1392.7228 1144.5596 moveto
+1392.7228 1152.7222 lineto
 stroke
 1 setlinewidth
 0 0 0 nodecolor
-newpath 1104.5228 1162.5596 moveto
-1081.9535 1162.5596 lineto
+newpath 1365.5228 1162.5596 moveto
+1342.9535 1162.5596 lineto
 stroke
 0 0 0 nodecolor
 14 /Times-Roman set_font
-1074.2381 1144.9409 moveto 38 (python) alignedtext
+1335.2381 1144.9409 moveto 38 (python) alignedtext
 grestore
 % quickdump
 gsave
@@ -3417,62 +3502,62 @@ grestore
 gsave
 1 setlinewidth
 0 0 0 nodecolor
-newpath 1315.4707 455.1174 moveto
-1275.9231 437.1174 lineto
-1315.4707 419.1174 lineto
-1355.0182 437.1174 lineto
+newpath 532.4707 223.1174 moveto
+492.9231 205.1174 lineto
+532.4707 187.1174 lineto
+572.0182 205.1174 lineto
 closepath stroke
 1 setlinewidth
 0 0 0 nodecolor
-newpath 1286.8451 442.0885 moveto
-1286.8451 432.1463 lineto
+newpath 503.8451 210.0885 moveto
+503.8451 200.1463 lineto
 stroke
 1 setlinewidth
 0 0 0 nodecolor
-newpath 1304.5488 424.0885 moveto
-1326.3926 424.0885 lineto
+newpath 521.5488 192.0885 moveto
+543.3926 192.0885 lineto
 stroke
 1 setlinewidth
 0 0 0 nodecolor
-newpath 1344.0963 432.1463 moveto
-1344.0963 442.0885 lineto
+newpath 561.0963 200.1463 moveto
+561.0963 210.0885 lineto
 stroke
 1 setlinewidth
 0 0 0 nodecolor
-newpath 1326.3926 450.1463 moveto
-1304.5488 450.1463 lineto
+newpath 543.3926 218.1463 moveto
+521.5488 218.1463 lineto
 stroke
 0 0 0 nodecolor
 14 /Times-Roman set_font
-1301.9707 433.4174 moveto 27 (filter) alignedtext
+518.9707 201.4174 moveto 27 (filter) alignedtext
 grestore
 % rename
 gsave
 1 setlinewidth
 0 0 0 nodecolor
-1404.7978 423.7715 37.0935 18 ellipse_path stroke
+621.7978 191.7715 37.0935 18 ellipse_path stroke
 0 0 0 nodecolor
 14 /Times-Roman set_font
-1384.2978 420.0715 moveto 41 (rename) alignedtext
+601.2978 188.0715 moveto 41 (rename) alignedtext
 grestore
 % rename->filter
 gsave
 1 setlinewidth
 0 0 0 edgecolor
-newpath 1369.2367 429.0845 moveto
-1364.68 429.7653 1359.9914 430.4658 1355.3714 431.156 curveto
+newpath 586.2367 197.0845 moveto
+581.68 197.7653 576.9914 198.4658 572.3714 199.156 curveto
 stroke
 0 0 0 edgecolor
-newpath 1354.8184 427.6997 moveto
-1345.4454 432.639 lineto
-1355.8528 434.6229 lineto
+newpath 571.8184 195.6997 moveto
+562.4454 200.639 lineto
+572.8528 202.6229 lineto
 closepath fill
 1 setlinewidth
 solid
 0 0 0 edgecolor
-newpath 1354.8184 427.6997 moveto
-1345.4454 432.639 lineto
-1355.8528 434.6229 lineto
+newpath 571.8184 195.6997 moveto
+562.4454 200.639 lineto
+572.8528 202.6229 lineto
 closepath stroke
 grestore
 % rgbcolor
@@ -3541,34 +3626,34 @@ grestore
 gsave
 1 setlinewidth
 0 0 0 nodecolor
-newpath 966.2381 1195.6409 moveto
-927.5286 1177.6409 lineto
-966.2381 1159.6409 lineto
-1004.9476 1177.6409 lineto
+newpath 1256.2381 93.6409 moveto
+1217.5286 75.6409 lineto
+1256.2381 57.6409 lineto
+1294.9476 75.6409 lineto
 closepath stroke
 1 setlinewidth
 0 0 0 nodecolor
-newpath 938.4098 1182.7006 moveto
-938.4098 1172.5811 lineto
+newpath 1228.4098 80.7006 moveto
+1228.4098 70.5811 lineto
 stroke
 1 setlinewidth
 0 0 0 nodecolor
-newpath 955.357 1164.7006 moveto
-977.1192 1164.7006 lineto
+newpath 1245.357 62.7006 moveto
+1267.1192 62.7006 lineto
 stroke
 1 setlinewidth
 0 0 0 nodecolor
-newpath 994.0665 1172.5811 moveto
-994.0665 1182.7006 lineto
+newpath 1284.0665 70.5811 moveto
+1284.0665 80.7006 lineto
 stroke
 1 setlinewidth
 0 0 0 nodecolor
-newpath 977.1192 1190.5811 moveto
-955.357 1190.5811 lineto
+newpath 1267.1192 88.5811 moveto
+1245.357 88.5811 lineto
 stroke
 0 0 0 nodecolor
 14 /Times-Roman set_font
-953.2381 1173.9409 moveto 26 (shell) alignedtext
+1243.2381 71.9409 moveto 26 (shell) alignedtext
 grestore
 % simpleini
 gsave
@@ -3623,49 +3708,49 @@ grestore
 gsave
 1 setlinewidth
 0 0 0 nodecolor
-1380.6004 663.8459 27 18 ellipse_path stroke
+1015.1371 1251.1398 27 18 ellipse_path stroke
 0 0 0 nodecolor
 14 /Times-Roman set_font
-1368.1004 660.1459 moveto 25 (spec) alignedtext
+1002.6371 1247.4398 moveto 25 (spec) alignedtext
 grestore
-% spec->apply
+% spec->check
 gsave
 1 setlinewidth
 0 0 0 edgecolor
-newpath 1407.8884 663.9236 moveto
-1419.1451 663.9557 1432.6031 663.994 1445.6945 664.0313 curveto
+newpath 1015.5856 1233.0166 moveto
+1016.166 1209.5621 1017.1836 1168.4389 1017.8665 1140.8416 curveto
 stroke
 0 0 0 edgecolor
-newpath 1446.0559 667.5323 moveto
-1456.0659 664.0609 lineto
-1446.0759 660.5323 lineto
+newpath 1021.3704 1140.723 moveto
+1018.119 1130.6395 lineto
+1014.3726 1140.5498 lineto
 closepath fill
 1 setlinewidth
 solid
 0 0 0 edgecolor
-newpath 1446.0559 667.5323 moveto
-1456.0659 664.0609 lineto
-1446.0759 660.5323 lineto
+newpath 1021.3704 1140.723 moveto
+1018.119 1130.6395 lineto
+1014.3726 1140.5498 lineto
 closepath stroke
 grestore
-% spec->check
+% spec->apply
 gsave
 1 setlinewidth
 0 0 0 edgecolor
-newpath 1353.4554 664.4885 moveto
-1339.7544 664.8128 1322.6546 665.2176 1306.5213 665.5995 curveto
+newpath 1014.2448 1269.1595 moveto
+1013.2135 1289.9862 1011.5039 1324.5124 1010.2982 1348.8599 curveto
 stroke
 0 0 0 edgecolor
-newpath 1306.0188 662.1104 moveto
-1296.1045 665.8461 lineto
-1306.1846 669.1084 lineto
+newpath 1006.7989 1348.7619 moveto
+1009.8 1358.9228 lineto
+1013.7903 1349.1082 lineto
 closepath fill
 1 setlinewidth
 solid
 0 0 0 edgecolor
-newpath 1306.0188 662.1104 moveto
-1296.1045 665.8461 lineto
-1306.1846 669.1084 lineto
+newpath 1006.7989 1348.7619 moveto
+1009.8 1358.9228 lineto
+1013.7903 1349.1082 lineto
 closepath stroke
 grestore
 % specload
@@ -3808,29 +3893,29 @@ grestore
 gsave
 1 setlinewidth
 0 0 0 nodecolor
-1236.1634 356.4761 46.5926 18 ellipse_path stroke
+1033.1634 501.4761 46.5926 18 ellipse_path stroke
 0 0 0 nodecolor
 14 /Times-Roman set_font
-1208.1634 352.7761 moveto 56 (timeofday) alignedtext
+1005.1634 497.7761 moveto 56 (timeofday) alignedtext
 grestore
 % timeofday->tracing
 gsave
 1 setlinewidth
 0 0 0 edgecolor
-newpath 1266.8548 342.6825 moveto
-1287.1306 333.5699 1313.6351 321.658 1334.0896 312.4651 curveto
+newpath 1063.8548 487.6825 moveto
+1084.1306 478.5699 1110.6351 466.658 1131.0896 457.4651 curveto
 stroke
 0 0 0 edgecolor
-newpath 1335.6174 315.6158 moveto
-1343.3038 308.324 lineto
-1332.7479 309.2309 lineto
+newpath 1132.6174 460.6158 moveto
+1140.3038 453.324 lineto
+1129.7479 454.2309 lineto
 closepath fill
 1 setlinewidth
 solid
 0 0 0 edgecolor
-newpath 1335.6174 315.6158 moveto
-1343.3038 308.324 lineto
-1332.7479 309.2309 lineto
+newpath 1132.6174 460.6158 moveto
+1140.3038 453.324 lineto
+1129.7479 454.2309 lineto
 closepath stroke
 grestore
 % toml
@@ -3911,58 +3996,59 @@ grestore
 gsave
 1 setlinewidth
 0 0 0 nodecolor
-1385.271 348.8138 30.5947 18 ellipse_path stroke
+1182.271 493.8138 30.5947 18 ellipse_path stroke
 0 0 0 nodecolor
 14 /Times-Roman set_font
-1369.771 345.1138 moveto 31 (tracer) alignedtext
+1166.771 490.1138 moveto 31 (tracer) alignedtext
 grestore
 % tracer->tracing
 gsave
 1 setlinewidth
 0 0 0 edgecolor
-newpath 1378.4157 331.1366 moveto
-1377.4884 328.7454 1376.5223 326.2542 1375.5551 323.7602 curveto
+newpath 1175.4157 476.1366 moveto
+1174.4884 473.7454 1173.5223 471.2542 1172.5551 468.7602 curveto
 stroke
 0 0 0 edgecolor
-newpath 1378.7781 322.3909 moveto
-1371.8992 314.333 lineto
-1372.2517 324.9219 lineto
+newpath 1175.7781 467.3909 moveto
+1168.8992 459.333 lineto
+1169.2517 469.9219 lineto
 closepath fill
 1 setlinewidth
 solid
 0 0 0 edgecolor
-newpath 1378.7781 322.3909 moveto
-1371.8992 314.333 lineto
-1372.2517 324.9219 lineto
+newpath 1175.7781 467.3909 moveto
+1168.8992 459.333 lineto
+1169.2517 469.9219 lineto
 closepath stroke
 grestore
 % type
 gsave
 1 setlinewidth
 0 0 0 nodecolor
-1336.7064 746.2638 27 18 ellipse_path stroke
+1125.8234 1020.6748 27 18 ellipse_path stroke
 0 0 0 nodecolor
 14 /Times-Roman set_font
-1324.7064 742.5638 moveto 24 (type) alignedtext
+1113.8234 1016.9748 moveto 24 (type) alignedtext
 grestore
 % type->check
 gsave
 1 setlinewidth
 0 0 0 edgecolor
-newpath 1321.1621 731.3251 moveto
-1308.0645 718.7376 1289.2139 700.6213 1274.8261 686.794 curveto
+newpath 1111.1995 1036.1493 moveto
+1099.0276 1048.6598 1080.9582 1066.3982 1063.6851 1080.1997 curveto
+1057.3719 1085.2441 1050.3524 1090.4516 1043.7671 1095.1738 curveto
 stroke
 0 0 0 edgecolor
-newpath 1276.9922 684.0214 moveto
-1267.3568 679.6157 lineto
-1272.1417 689.0685 lineto
+newpath 1041.3117 1092.6231 moveto
+1035.1634 1101.2516 lineto
+1045.3505 1098.3405 lineto
 closepath fill
 1 setlinewidth
 solid
 0 0 0 edgecolor
-newpath 1276.9922 684.0214 moveto
-1267.3568 679.6157 lineto
-1272.1417 689.0685 lineto
+newpath 1041.3117 1092.6231 moveto
+1035.1634 1101.2516 lineto
+1045.3505 1098.3405 lineto
 closepath stroke
 grestore
 % uname
@@ -4018,62 +4104,63 @@ grestore
 gsave
 1 setlinewidth
 0 0 0 nodecolor
-newpath 325.2381 267.6409 moveto
-290.382 249.6409 lineto
-325.2381 231.6409 lineto
-360.0942 249.6409 lineto
+newpath 1369.2381 93.6409 moveto
+1334.382 75.6409 lineto
+1369.2381 57.6409 lineto
+1404.0942 75.6409 lineto
 closepath stroke
 1 setlinewidth
 0 0 0 nodecolor
-newpath 301.0442 255.147 moveto
-301.0442 244.1348 lineto
+newpath 1345.0442 81.147 moveto
+1345.0442 70.1348 lineto
 stroke
 1 setlinewidth
 0 0 0 nodecolor
-newpath 314.5759 237.147 moveto
-335.9003 237.147 lineto
+newpath 1358.5759 63.147 moveto
+1379.9003 63.147 lineto
 stroke
 1 setlinewidth
 0 0 0 nodecolor
-newpath 349.432 244.1348 moveto
-349.432 255.147 lineto
+newpath 1393.432 70.1348 moveto
+1393.432 81.147 lineto
 stroke
 1 setlinewidth
 0 0 0 nodecolor
-newpath 335.9003 262.1348 moveto
-314.5759 262.1348 lineto
+newpath 1379.9003 88.1348 moveto
+1358.5759 88.1348 lineto
 stroke
 0 0 0 nodecolor
 14 /Times-Roman set_font
-314.2381 245.9409 moveto 22 (unit) alignedtext
+1358.2381 71.9409 moveto 22 (unit) alignedtext
 grestore
 % validation
 gsave
 1 setlinewidth
 0 0 0 nodecolor
-1249.9015 711.492 46.2923 18 ellipse_path stroke
+894.852 1204.9051 46.2923 18 ellipse_path stroke
 0 0 0 nodecolor
 14 /Times-Roman set_font
-1222.4015 707.792 moveto 55 (validation) alignedtext
+867.352 1201.2051 moveto 55 (validation) alignedtext
 grestore
 % validation->check
 gsave
 1 setlinewidth
 0 0 0 edgecolor
-newpath 1251.5948 693.3309 moveto
-1251.6035 693.2373 1251.6123 693.1436 1251.621 693.0499 curveto
+newpath 913.9551 1188.4819 moveto
+927.0391 1177.4411 944.9304 1162.7461 961.356 1150.6161 curveto
+971.2784 1143.2886 982.5147 1135.6665 992.3865 1129.1823 curveto
 stroke
 0 0 0 edgecolor
-newpath 1254.9966 694.5461 moveto
-1252.4402 684.2643 lineto
-1248.0268 693.8961 lineto
+newpath 994.5152 1131.973 moveto
+1000.9919 1123.5883 lineto
+990.7 1126.104 lineto
 closepath fill
 1 setlinewidth
 solid
 0 0 0 edgecolor
-newpath 1254.9966 694.5461 moveto
-1252.4402 684.2643 lineto
-1248.0268 693.8961 lineto
+newpath 994.5152 1131.973 moveto
+1000.9919 1123.5883 lineto
+990.7 1126.104 lineto
 closepath stroke
 grestore
 % wresolver
@@ -4405,58 +4492,58 @@ grestore
 gsave
 1 setlinewidth
 0 0 0 nodecolor
-893.5847 1081.5073 52.7911 18 ellipse_path stroke
+1009.5847 704.5073 52.7911 18 ellipse_path stroke
 0 0 0 nodecolor
 14 /Times-Roman set_font
-861.0847 1077.8073 moveto 65 (zeromqrecv) alignedtext
+977.0847 700.8073 moveto 65 (zeromqrecv) alignedtext
 grestore
 % zeromqrecv->notification
 gsave
 1 setlinewidth
 0 0 0 edgecolor
-newpath 925.5483 1066.944 moveto
-951.4443 1055.1452 987.8861 1038.5416 1014.5855 1026.3768 curveto
+newpath 1041.5483 689.944 moveto
+1067.4443 678.1452 1103.8861 661.5416 1130.5855 649.3768 curveto
 stroke
 0 0 0 edgecolor
-newpath 1016.2949 1029.4441 moveto
-1023.9437 1022.1129 lineto
-1013.3926 1023.0741 lineto
+newpath 1132.2949 652.4441 moveto
+1139.9437 645.1129 lineto
+1129.3926 646.0741 lineto
 closepath fill
 1 setlinewidth
 solid
 0 0 0 edgecolor
-newpath 1016.2949 1029.4441 moveto
-1023.9437 1022.1129 lineto
-1013.3926 1023.0741 lineto
+newpath 1132.2949 652.4441 moveto
+1139.9437 645.1129 lineto
+1129.3926 646.0741 lineto
 closepath stroke
 grestore
 % zeromqsend
 gsave
 1 setlinewidth
 0 0 0 nodecolor
-1071.1302 1056.2009 53.8905 18 ellipse_path stroke
+1187.1302 679.2009 53.8905 18 ellipse_path stroke
 0 0 0 nodecolor
 14 /Times-Roman set_font
-1037.6302 1052.5009 moveto 67 (zeromqsend) alignedtext
+1153.6302 675.5009 moveto 67 (zeromqsend) alignedtext
 grestore
 % zeromqsend->notification
 gsave
 1 setlinewidth
 0 0 0 edgecolor
-newpath 1062.7731 1038.358 moveto
-1062.3818 1037.5227 1061.9861 1036.6779 1061.5883 1035.8284 curveto
+newpath 1178.7731 661.358 moveto
+1178.3818 660.5227 1177.9861 659.6779 1177.5883 658.8284 curveto
 stroke
 0 0 0 edgecolor
-newpath 1064.7534 1034.3343 moveto
-1057.3423 1026.763 lineto
-1058.4143 1037.3034 lineto
+newpath 1180.7534 657.3343 moveto
+1173.3423 649.763 lineto
+1174.4143 660.3034 lineto
 closepath fill
 1 setlinewidth
 solid
 0 0 0 edgecolor
-newpath 1064.7534 1034.3343 moveto
-1057.3423 1026.763 lineto
-1058.4143 1037.3034 lineto
+newpath 1180.7534 657.3343 moveto
+1173.3423 649.763 lineto
+1174.4143 660.3034 lineto
 closepath stroke
 grestore
 endpage
@@ -4466,7 +4553,7 @@ grestore
 %%EndPage: 1
 %%Trailer
 %%Pages: 1
-%%BoundingBox: 36 36 1713 1262
+%%BoundingBox: 36 36 1713 1550
 end
 restore
 %%EOF

commit 857fe124fd0c35e5e151ef9c4b349c69b96d965a
Author: Mihael Pranji <mpranj@limun.org>
Date:   Fri Jul 9 23:03:33 2021 +0200

    release: clean up old data

diff --git a/scripts/release/release.sh b/scripts/release/release.sh
old mode 100644
new mode 100755
index 45f2143c1..ed234d769
--- a/scripts/release/release.sh
+++ b/scripts/release/release.sh
@@ -64,6 +64,7 @@ install_elektra() {
 
 run_updates() {
 	echo "Running updates..."
+	rm -rf $BASE_DIR/$VERSION
 	mkdir $BASE_DIR/$VERSION
 
 	# regenerate dot of plugins

commit 08de2f03c486354dc260fe926b447eb2ac617a84
Author: Mihael Pranji <mpranj@limun.org>
Date:   Fri Jul 9 19:36:35 2021 +0200

    release: create config dirs first

diff --git a/scripts/jenkins/Jenkinsfile.release b/scripts/jenkins/Jenkinsfile.release
index 262867f71..f3b7562a3 100644
--- a/scripts/jenkins/Jenkinsfile.release
+++ b/scripts/jenkins/Jenkinsfile.release
@@ -616,6 +616,10 @@ def buildRelease(stageName, image, packageRevision='1',
           sh "gpg --import $KEY"
           sh "gpg --import $SKEY"
 
+          sh "mkdir -p ${WORKSPACE}/config/kdb/system || /bin/true"
+          sh "mkdir -p ${WORKSPACE}/config/kdb/spec || /bin/true"
+          sh "mkdir -p ${WORKSPACE}/config/kdb/home || /bin/true"
+
           configureGitUser()
           def dirStructure = './'
           if (placeholderDir) {

commit 97e86587c789ffaabb97e9a1656cd8126585c715
Author: Mihael Pranji <mpranj@limun.org>
Date:   Fri Jul 9 18:54:15 2021 +0200

    Jenkinsfile.release: do not checkout SCM

diff --git a/scripts/jenkins/Jenkinsfile.release b/scripts/jenkins/Jenkinsfile.release
index 932ea5f2d..262867f71 100644
--- a/scripts/jenkins/Jenkinsfile.release
+++ b/scripts/jenkins/Jenkinsfile.release
@@ -610,12 +610,11 @@ def buildRelease(stageName, image, packageRevision='1',
                  bundleRepo=false, placeholderDir=false) {
   return [(stageName): {
     stage(stageName) {
-      withDockerEnv(image, [DockerOpts.MOUNT_MIRROR]) {
+      withDockerEnv(image, [DockerOpts.MOUNT_MIRROR, DockerOpts.NO_CHECKOUT]) {
         withCredentials([file(credentialsId: 'jenkins-key', variable: 'KEY'),
                          file(credentialsId: 'jenkins-secret-key', variable: 'SKEY')]) {
           sh "gpg --import $KEY"
           sh "gpg --import $SKEY"
-          sh 'rm -rf ./*'
 
           configureGitUser()
           def dirStructure = './'

commit c76bb035b5438fe0e789befb73cf63198cdf05a0
Author: Mihael Pranji <mpranj@limun.org>
Date:   Fri Jul 9 13:31:43 2021 +0200

    doc: fix link

diff --git a/doc/news/_preparation_next_release.md b/doc/news/_preparation_next_release.md
index 9a7a77b78..f972f6c43 100644
--- a/doc/news/_preparation_next_release.md
+++ b/doc/news/_preparation_next_release.md
@@ -35,7 +35,7 @@ The **experimental** [ElektraSettings](../../src/bindings/gsettings/README.md) G
 
 ### TOML Improvements
 
-Multiple critical bugs have been fixed in the **experimental** `TOML` plugin _[see below](#hl-1)_. We are currently working towards using the `TOML` plugin as the default [stroage plugin](../../src/plugins/README.md#storage) for Elektra. _(Klemens Bswirth and Jakob Fischer)_
+Multiple critical bugs have been fixed in the **experimental** `TOML` plugin _[see below](#hl-1)_. We are currently working towards using the `TOML` plugin as the default [stroage plugin](https://github.com/ElektraInitiative/libelektra/blob/master/src/plugins/README.md#storage) for Elektra. _(Klemens Bswirth and Jakob Fischer)_
 
 ## Plugins
 

commit bdede1b15f8b2d0ef693e9ae1a1db5ba11aa3464
Author: Mihael Pranji <mpranj@limun.org>
Date:   Fri Jul 9 11:42:22 2021 +0200

    elektra: bump to 0.9.7

diff --git a/CMakeLists.txt b/CMakeLists.txt
index 0df55b8b4..2992bd1f3 100644
--- a/CMakeLists.txt
+++ b/CMakeLists.txt
@@ -5,7 +5,7 @@ set (CMAKE_USER_MAKE_RULES_OVERRIDE "${CMAKE_SOURCE_DIR}/scripts/cmake/Platform.
 
 set (KDB_VERSION_MAJOR 0)
 set (KDB_VERSION_MINOR 9)
-set (KDB_VERSION_PATCH 6)
+set (KDB_VERSION_PATCH 7)
 set (KDB_VERSION "${KDB_VERSION_MAJOR}.${KDB_VERSION_MINOR}.${KDB_VERSION_PATCH}")
 
 set (ELEKTRA_DESCRIPTION
diff --git a/doc/tutorials/hello-elektra.md b/doc/tutorials/hello-elektra.md
index cb5265dd9..8f888b707 100644
--- a/doc/tutorials/hello-elektra.md
+++ b/doc/tutorials/hello-elektra.md
@@ -50,7 +50,7 @@ This basic tutorial shows you how to compile and run a very basic Elektra applic
    -- Detecting CXX compiler ABI info - done
    -- Detecting CXX compile features
    -- Detecting CXX compile features - done
-   -- Elektra 0.9.6 found
+   -- Elektra 0.9.7 found
    -- Configuring done
    -- Generating done
    -- Build files have been written to: Hello/build
diff --git a/scripts/docker/alpine/3.14/release.Dockerfile b/scripts/docker/alpine/3.14/release.Dockerfile
index b3afb2a12..ebffabd81 100644
--- a/scripts/docker/alpine/3.14/release.Dockerfile
+++ b/scripts/docker/alpine/3.14/release.Dockerfile
@@ -29,7 +29,7 @@ RUN mkdir -p ${GTEST_ROOT} \
     && rm gtest.tar.gz
 
 ENV ELEKTRA_ROOT=/opt/elektra
-ENV ELEKTRA_RELEASE=0.9.6
+ENV ELEKTRA_RELEASE=0.9.7
 RUN mkdir -p ${ELEKTRA_ROOT} \
     && cd /tmp \
     && curl -o elektra.tar.gz \
diff --git a/src/bindings/jna/README.md b/src/bindings/jna/README.md
index 6e82d35a3..8bb084300 100644
--- a/src/bindings/jna/README.md
+++ b/src/bindings/jna/README.md
@@ -69,7 +69,7 @@ Simply add libelektra as dependency using:
     <dependency>
       <groupId>org.libelektra</groupId>
       <artifactId>libelektra</artifactId>
-      <version>0.9.6</version>
+      <version>0.9.7</version>
     </dependency>
 ```
 
@@ -86,7 +86,7 @@ repositories {
 }
 
 dependencies {
-    implementation "org.libelektra:libelektra:0.9.6"
+    implementation "org.libelektra:libelektra:0.9.7"
 }
 ```
 

commit 59cd05c472c889a363a92701631a1c28206d38e5
Author: Mihael Pranji <mpranj@limun.org>
Date:   Fri Jul 9 11:38:00 2021 +0200

    doc: update release notes for 0.9.7

diff --git a/doc/news/_preparation_next_release.md b/doc/news/_preparation_next_release.md
index 498235b02..9a7a77b78 100644
--- a/doc/news/_preparation_next_release.md
+++ b/doc/news/_preparation_next_release.md
@@ -1,17 +1,9 @@
 # 0.9.<<VERSION>> Release
 
-This release did not happen yet.
-
-Please update this file within PRs accordingly.
-For non-trivial changes, you can choose to be
-part of the highlighted changes. Please make
-sure to add some short tutorial (checked by
-shell recorder) or asciinema for highlighted items.
-
-Please add your name at the end of every contribution.
-**Syntax:** _(your name)_
-
-<<`scripts/generate-news-entry`>>
+- guid: 39F907DA-8B5B-4984-9D19-33BAB7B71B3D
+- author: Mihael Pranji
+- pubDate: Fri, 09 Jul 2021 10:19:29 +0200
+- shortDesc: FUSE Tool, TOML Improvements, ElektraSettings GSettings Bindings
 
 We are proud to release Elektra 0.9.<<VERSION>>.
 
@@ -33,17 +25,17 @@ docker run -it elektra/elektra
 
 ## Highlights
 
-- Add **experimental** preview of Filesystem in User Space [FUSE](../../src/tools/fuse/README.md) tool. This tool enables the inspection and modification of the KDB, in the form of a classical filesystem. _(Alexander Firbas)_
+### FUSE Tool
+
+We added an **experimental** preview of the Filesystem in User Space [FUSE](../../src/tools/fuse/README.md) tool. This tool enables the inspection and modification of the KDB, in the form of a classical filesystem. _(Alexander Firbas)_
 
-- <<HIGHLIGHT1>>
-- <<HIGHLIGHT2>>
-- <<HIGHLIGHT3>>
+### ElektraSettings GSettings Backend
 
-### <<HIGHLIGHT1>>
+The **experimental** [ElektraSettings](../../src/bindings/gsettings/README.md) GSettings backend has been updated and is working well with GNOME 40. We do not recommend to use it on production systems yet, but we have been testing ElektraSettings as a replacement for `dconf` successfully and want to share the progess with you. If you want to try ElektraSettings back up all your data first. _(Mihael Pranji)_
 
-### <<HIGHLIGHT2>>
+### TOML Improvements
 
-### <<HIGHLIGHT2>>
+Multiple critical bugs have been fixed in the **experimental** `TOML` plugin _[see below](#hl-1)_. We are currently working towards using the `TOML` plugin as the default [stroage plugin](../../src/plugins/README.md#storage) for Elektra. _(Klemens Bswirth and Jakob Fischer)_
 
 ## Plugins
 
@@ -56,8 +48,6 @@ The following section lists news about the [plugins](https://www.libelektra.org/
 ### Resolver
 
 - Fix invalid cache key name. _(Mihael Pranji)_
-- <<TODO>>
-- <<TODO>>
 
 ### Length
 
@@ -67,9 +57,7 @@ The following section lists news about the [plugins](https://www.libelektra.org/
 
 - Implement a blacklist plugin that rejects values specified in a metadata array. _(Robert Sowula)_
 
-- <<TODO>>
-- <<TODO>>
-- <<TODO>>
+<a id="hl-1"></a>
 
 ### TOML
 
@@ -82,43 +70,16 @@ The following section lists news about the [plugins](https://www.libelektra.org/
 ### Python
 
 - Fix format string overflow and add error checking when appending to `sys.path`. _(Mihael Pranji)_
-- <<TODO>>
-- <<TODO>>
 
 ## Libraries
 
 The text below summarizes updates to the [C (and C++)-based libraries](https://www.libelektra.org/libraries/readme) of Elektra.
 
-### Compatibility
-
-- <<TODO>>
-- <<TODO>>
-- <<TODO>>
-
 ### Core
 
 - A few rare bugs (mostly related to empty keyname parts `/%/`) in the keyname validation and canonicalization logic
   have been fixed. _(Klemens Bswirth)_
 - Fix default backend key name for cache compatibility. _(Mihael Pranji)_
-- <<TODO>>
-
-### <<Library1>>
-
-- <<TODO>>
-- <<TODO>>
-- <<TODO>>
-
-### <<Library2>>
-
-- <<TODO>>
-- <<TODO>>
-- <<TODO>>
-
-### <<Library3>>
-
-- <<TODO>>
-- <<TODO>>
-- <<TODO>>
 
 ## Bindings
 
@@ -130,26 +91,14 @@ you up to date with the multi-language support provided by Elektra.
 - Currently the binding's automated clean-up of native keys and key sets is deactivated until JNI segmentation fault issues are resolved in an upcoming release. After these issues have been resolved, manual clean-up of native resources will be discouraged. Therefore the `Key::get*AndRelease` convenience methods introduced with the last release have been removed. _(Michael Tucek)_
 - Upgrade Gradle to 7.1.1. _(Mihael Pranji)_
 
-### <<Binding2>>
-
-### <<Binding3>>
-
 ### Gsettings
 
 - Fix user and default (system) namespaces and key names. _(Mihael Pranji)_
 - Rewrite `dbus` change notification mechanism. _(Mihael Pranji)_
 
-## Tools
-
-- <<TODO>>
-- <<TODO>>
-- <<TODO>>
-
 ## Scripts
 
 - Add a script that automates the process of inserting source archive hashsums and git statistics into the release notes during a release. _(Robert Sowula)_
-- <<TODO>>
-- <<TODO>>
 
 ## Documentation
 
@@ -157,55 +106,28 @@ you up to date with the multi-language support provided by Elektra.
 - Small updates in notification tutorial. _(Markus Raab)_
 - Add [/doc/tutorial/specification.md]. _(Aaron Abebe <aaron.abebe@gmail.com>)_
 - Change GPG keyserver for receiving the apt key from keys.gnupg.net to keyserver.ubuntu.com _(Robert Sowula)_
-- <<TODO>>
 - The manpages now use the date of the last change recorded in git. _(Klemens Bswirth)_
-- <<TODO>>
 
 ## Tests
 
-- <<TODO>>
 - Upgrade GoogleTest frameworks to version 1.11.0. _(Mihael Pranji)_
 - Add additional test cases for module `key`. _(@lawli3t)_
 - Add additional test cases for module `keyname`. _(@lawli3t)_
 - Add additional test cases for module `keyvalue`. _(@lawli3t)_
 - Add tests for module `keyset`. _(@lawli3t)_
-- <<TODO>>
-- <<TODO>>
 
 ## Packaging
 
 - Add packages for following bindings: `glib`, `io_ev`, `io_glib` and `io_uv`. _(Robert Sowula)_
-- <<TODO>>
-- <<TODO>>
 
 ## Build
 
-### CMake
-
-- <<TODO>>
-- <<TODO>>
-- <<TODO>>
-
 ### Docker
 
 - Upgrade Alpine Linux images to 3.14.0. _(Mihael Pranji)_
-- <<TODO>>
-- <<TODO>>
 
 ## Infrastructure
 
-### Cirrus
-
-- <<TODO>>
-- <<TODO>>
-- <<TODO>>
-
-### GitHub Actions
-
-- <<TODO>>
-- <<TODO>>
-- <<TODO>>
-
 ### Jenkins
 
 - Add the deployment of the [website](https://www.libelektra.org) to the release pipeline, therefore removing the need to wait until the main pipeline succeeds after a release. _(Robert Sowula)_
@@ -213,28 +135,21 @@ you up to date with the multi-language support provided by Elektra.
 - Fix invalid package artifact path in release pipeline. _(Robert Sowula)_
 - Clean Jenkins workspaces after builds. _(Mihael Pranji)_
 
-### Travis
-
-- <<TODO>>
-- <<TODO>>
-- <<TODO>>
-
-## Website
-
-The website is generated from the repository, so all information about
-plugins, bindings and tools are always up to date. Furthermore, we changed:
-
-- <<TODO>>
-- <<TODO>>
-- <<TODO>>
-
 ## Outlook
 
 We are currently working on following topics:
 
-- <<TODO>>
-- <<TODO>>
-- <<TODO>>
+- Elektrify KDE _(Dardan Haxhimustafa)_, _(Felix Resch)_ and _(Mihael Pranji)_
+- 1.0 API _(Stefan Hanreich)_ and _(Klemens Bswirth)_
+- Improve Java Development Experience _(Michael Tucek)_
+- Elektrify GNOME _(Mihael Pranji)_
+- Continious Releases _(Robert Sowula)_
+- KDB access using FUSE _(Alexander Firbas)_
+- Default TOML plugin _(Jakob Fischer)_ and _(Klemens Bswirth)_
+- Improve Plugin Framework _(Klemens Bswirth)_
+- Improve 3-way merge _(Dominic Jger)_
+- Shell completion _(Ulrike Schfer)_
+- Ansible module _(Thomas Waser)_
 
 ## Statistics
 

commit f9a2f341a071a35a9f3e317e7e9b9cb3d19ede3d
Author: Mihael Pranji <mpranj@limun.org>
Date:   Fri Jul 9 11:37:45 2021 +0200

    gsettings: update docu

diff --git a/src/bindings/gsettings/README.md b/src/bindings/gsettings/README.md
index edfa8592c..d00ab3dbb 100644
--- a/src/bindings/gsettings/README.md
+++ b/src/bindings/gsettings/README.md
@@ -2,19 +2,21 @@
 - infos/author = Gabriel Rauter <rauter.gabriel@gmail.com>
 - infos/status = experimental
 - infos/provides =
-- infos/description =
+- infos/description = Elektra GSettings Backend
 
-# elektrasettings
+# ElektraSettings
 
 **Warning !!!** This binding is unstable and could destroy your Elektra Configuration. Only use in testing environments.
 
-Implementation of Elektra as GSettingsBackend
+A GSettings backend implementation based on Elektra.
 
 ## Installation
 
 See [installation](/doc/INSTALL.md).
 This binding is currently **not** part of a released package.
 
+To quickly test the **experimental** ElektraSettings on a test system _[see Quick Start below](#hl-1)_.
+
 ## What is Working:
 
 - passing gsettings unit tests
@@ -122,7 +124,20 @@ import settings again
 rm tmp
 ```
 
-If you want notifications to work you have to mount /sw with the dbus plugin.
+If you want change notifications to work you have to mount /sw with the dbus plugin. Not mounting the dbus plugin is discouraged, because configuration changes will not propagate correctly.
+
+<a id="hl-1"></a>
+
+## Quick Start
+
+If want to test Elektra's GSettings backend as default on your system, you can use the commands below to do so. These commands will compile Elektra with the GSettings backend. Note that this will replace the default backend (usually `dconf`). The ElektraSettings backend is currently **experimental**, so use it with caution and back up your date before doing this.
+
+```sh
+cmake -GNinja -DBINDINGS="ALL;glib;gsettings;-jna" -DBUILD_SHARED=ON -DBUILD_STATIC=ON -DBUILD_FULL=ON -DENABLE_COVERAGE=OFF -DENABLE_OPTIMIZATIONS=ON -DBUILD_STATIC=ON -DPLUGINS="ALL" -DTOOLS="ALL" -DINSTALL_SYSTEM_FILES=ON -DGSETTINGS_MODULE_PRIORITY=200 ..
+ninja
+(sudo) ninja install
+(sudo) kdb gmount dbus
+```
 
 # Debugging
 

commit 0325074f1432469e405856f80f947633c8d0ced9
Merge: b87e842a8 2261540e1
Author: Mihael Pranji <mpranj@limun.org>
Date:   Thu Jul 8 23:56:45 2021 +0200

    Merge pull request #3934 from mpranj/cachefix
    
    cache: fix default backend and initial parentKey

commit b87e842a887e969c4ee154209ecdfc02e7cbafa4
Merge: 42c86e1ba 1e0528f5f
Author: Mihael Pranji <mpranj@limun.org>
Date:   Thu Jul 8 23:56:15 2021 +0200

    Merge pull request #3932 from mpranj/alpine-3.14
    
    docker: upgrade Alpine images to 3.14.0
